借款编号71,当前循环用户为:try4,当前循环自动投标设置编号为:7,操作结果为:用户设置不允许投月标 且 该笔借款为月标-->自动金额大于借款金额20%,自动调整为100000元-->当前自动金额大于用户设置的最大投标额,系统自动调整为:3500元-->最终放弃投标
借款编号71,当前循环用户为:百事猪妖,当前循环自动投标设置编号为:25,操作结果为:用户设置不允许投月标 且 该笔借款为月标-->自动金额大于借款金额20%,自动调整为100000元-->最终放弃投标
借款编号71,当前循环用户为:zhang,当前循环自动投标设置编号为:12,操作结果为:月标期限不符合,用户设置为1~1个月,当前借款期限为:3个月-->还款类型不符合,当前借款不是先息后本,但用户设置为只投先息后本-->奖励范围不符合,用户设置奖励范围为:0.00~2.00,当前奖励为:-->自动金额大于借款金额20%,自动调整为100000元-->最终放弃投标
借款编号71,当前循环用户为:liji771818,当前循环自动投标设置编号为:27,操作结果为:自动金额大于借款金额20%,自动调整为100000元-->当前自动金额大于用户设置的最大投标额,系统自动调整为:5000元-->进入实际投标环节
借款编号71,当前循环用户为:hscfweny,当前循环自动投标设置编号为:14,操作结果为:自动金额大于借款金额20%,自动调整为100000元-->当前自动金额大于用户设置的最大投标额,系统自动调整为:1000元-->进入实际投标环节
借款编号71,当前循环用户为:hscfweny,当前循环自动投标设置编号为:19,操作结果为:当前投标用户已经有过投标动作-->自动金额大于借款金额20%,自动调整为100000元-->最终放弃投标
借款编号71,当前循环用户为:xiaoli,当前循环自动投标设置编号为:20,操作结果为:自动金额大于借款金额20%,自动调整为100000元-->进入实际投标环节
借款编号71,当前循环用户为:yumi0704,当前循环自动投标设置编号为:38,操作结果为:自动金额大于借款金额20%,自动调整为100000元-->进入实际投标环节
借款编号71,当前循环用户为:zhang,当前循环自动投标设置编号为:31,操作结果为:还款类型不符合,当前借款不是先息后本,但用户设置为只投先息后本-->自动金额:44000-->最终放弃投标
借款编号71,当前循环用户为:y41235,当前循环自动投标设置编号为:32,操作结果为:自动金额:44000-->进入实际投标环节
借款编号71,当前循环用户为:hscfweny,当前循环自动投标设置编号为:22,操作结果为:当前投标用户已经有过投标动作-->自动投标总额达到50%退出循环-->借款编号72,当前循环用户为:try4,当前循环自动投标设置编号为:7,操作结果为:用户设置不允许投月标 且 该笔借款为月标-->自动金额大于借款金额20%,自动调整为100000元-->当前自动金额大于用户设置的最大投标额,系统自动调整为:3500元-->最终放弃投标
借款编号72,当前循环用户为:百事猪妖,当前循环自动投标设置编号为:25,操作结果为:用户设置不允许投月标 且 该笔借款为月标-->自动金额大于借款金额20%,自动调整为100000元-->最终放弃投标
借款编号72,当前循环用户为:zhang,当前循环自动投标设置编号为:12,操作结果为:月标期限不符合,用户设置为1~1个月,当前借款期限为:8个月-->还款类型不符合,当前借款不是先息后本,但用户设置为只投先息后本-->奖励范围不符合,用户设置奖励范围为:0.00~2.00,当前奖励为:-->自动金额大于借款金额20%,自动调整为100000元-->最终放弃投标
借款编号72,当前循环用户为:hscfweny,当前循环自动投标设置编号为:19,操作结果为:自动金额大于借款金额20%,自动调整为100000元-->进入实际投标环节
借款编号72,当前循环用户为:zhang,当前循环自动投标设置编号为:31,操作结果为:还款类型不符合,当前借款不是先息后本,但用户设置为只投先息后本-->自动金额大于借款金额20%,自动调整为100000元-->当前自动金额大于用户设置的最大投标额,系统自动调整为:50000元-->最终放弃投标
借款编号72,当前循环用户为:hscfweny,当前循环自动投标设置编号为:22,操作结果为:当前投标用户已经有过投标动作-->自动金额大于借款金额20%,自动调整为100000元-->当前自动金额大于用户设置的最大投标额,系统自动调整为:5000元-->最终放弃投标
借款编号72,当前循环用户为:百事猪妖,当前循环自动投标设置编号为:24,操作结果为:自动金额大于借款金额20%,自动调整为100000元-->当前自动金额大于用户设置的最大投标额,系统自动调整为:10000元-->进入实际投标环节
借款编号72,当前循环用户为:dongxinanbei,当前循环自动投标设置编号为:34,操作结果为:月标期限不符合,用户设置为1~3个月,当前借款期限为:8个月-->还款类型不符合,当前借款不是先息后本,但用户设置为只投先息后本-->自动金额大于借款金额20%,自动调整为100000元-->最终放弃投标
借款编号72,当前循环用户为:youli777,当前循环自动投标设置编号为:29,操作结果为:自动金额大于借款金额20%,自动调整为100000元-->进入实际投标环节
借款编号72,当前循环用户为:yumi0704,当前循环自动投标设置编号为:35,操作结果为:还款类型不符合,当前借款不是先息后本,但用户设置为只投先息后本-->自动金额:40000-->最终放弃投标
借款编号72,当前循环用户为:yumi0704,当前循环自动投标设置编号为:39,操作结果为:自动金额:40000-->进入实际投标环节
借款编号72,当前循环用户为:xiaoli,当前循环自动投标设置编号为:18,操作结果为:自动投标总额达到50%退出循环-->借款编号73,当前循环用户为:try4,当前循环自动投标设置编号为:7,操作结果为:月标期限不符合,用户设置为1~7天,当前借款期限为:15天.-->自动金额大于借款金额20%,自动调整为10000元-->当前自动金额大于用户设置的最大投标额,系统自动调整为:3500元-->最终放弃投标
借款编号73,当前循环用户为:百事猪妖,当前循环自动投标设置编号为:25,操作结果为:用户设置不允许投天标 且 该笔借款为天标-->自动金额大于借款金额20%,自动调整为10000元-->最终放弃投标
借款编号73,当前循环用户为:zhang,当前循环自动投标设置编号为:12,操作结果为:还款类型不符合,当前借款不是先息后本,但用户设置为只投先息后本-->奖励范围不符合,用户设置奖励范围为:0.00~2.00,当前奖励为:-->自动金额大于借款金额20%,自动调整为10000元-->当前剩余投标金额:10000元,小于用户设置的最低投标额50000元-->最终放弃投标
借款编号73,当前循环用户为:zhang,当前循环自动投标设置编号为:31,操作结果为:还款类型不符合,当前借款不是先息后本,但用户设置为只投先息后本-->自动金额大于借款金额20%,自动调整为10000元-->最终放弃投标
借款编号73,当前循环用户为:hscfweny,当前循环自动投标设置编号为:22,操作结果为:自动金额大于借款金额20%,自动调整为10000元-->当前自动金额大于用户设置的最大投标额,系统自动调整为:5000元-->进入实际投标环节
借款编号73,当前循环用户为:dongxinanbei,当前循环自动投标设置编号为:34,操作结果为:用户设置不允许投天标 且 该笔借款为天标-->还款类型不符合,当前借款不是先息后本,但用户设置为只投先息后本-->自动金额大于借款金额20%,自动调整为10000元-->最终放弃投标
借款编号73,当前循环用户为:yumi0704,当前循环自动投标设置编号为:35,操作结果为:还款类型不符合,当前借款不是先息后本,但用户设置为只投先息后本-->自动金额大于借款金额20%,自动调整为10000元-->最终放弃投标
借款编号73,当前循环用户为:xiaoli,当前循环自动投标设置编号为:18,操作结果为:自动金额大于借款金额20%,自动调整为10000元-->进入实际投标环节
借款编号73,当前循环用户为:y41235,当前循环自动投标设置编号为:23,操作结果为:还款类型不符合,当前借款不是先息后本,但用户设置为只投先息后本-->自动金额:10000-->最终放弃投标
借款编号73,当前循环用户为:百事猪妖,当前循环自动投标设置编号为:17,操作结果为:自动金额:10000-->当前自动金额大于用户设置的最大投标额,系统自动调整为:1000元-->进入实际投标环节
借款编号73,当前循环用户为:zhang,当前循环自动投标设置编号为:33,操作结果为:自动金额:9000-->进入实际投标环节
借款编号73,当前循环用户为:xiaoli,当前循环自动投标设置编号为:26,操作结果为:当前投标用户已经有过投标动作-->用户设置不允许投天标 且 该笔借款为天标-->还款类型不符合,当前借款不是先息后本,但用户设置为只投先息后本-->自动投标总额达到50%退出循环-->借款编号74,当前循环用户为:try4,当前循环自动投标设置编号为:7,操作结果为:用户设置不允许投月标 且 该笔借款为月标-->自动金额大于借款金额20%,自动调整为10000元-->当前自动金额大于用户设置的最大投标额,系统自动调整为:3500元-->最终放弃投标
借款编号74,当前循环用户为:zhang,当前循环自动投标设置编号为:12,操作结果为:月标期限不符合,用户设置为1~1个月,当前借款期限为:3个月-->奖励范围不符合,用户设置奖励范围为:0.00~2.00,当前奖励为:-->自动金额大于借款金额20%,自动调整为10000元-->当前剩余投标金额:10000元,小于用户设置的最低投标额50000元-->最终放弃投标
借款编号74,当前循环用户为:zhang,当前循环自动投标设置编号为:31,操作结果为:自动金额大于借款金额20%,自动调整为10000元-->进入实际投标环节
借款编号74,当前循环用户为:dongxinanbei,当前循环自动投标设置编号为:34,操作结果为:自动金额大于借款金额20%,自动调整为10000元-->进入实际投标环节
借款编号74,当前循环用户为:yumi0704,当前循环自动投标设置编号为:35,操作结果为:自动金额:5000-->当前剩余投标金额:5000元,小于用户设置的最低投标额10000元-->最终放弃投标
借款编号74,当前循环用户为:y41235,当前循环自动投标设置编号为:23,操作结果为:自动金额:5000-->进入实际投标环节
借款编号74,当前循环用户为:xiaoli,当前循环自动投标设置编号为:26,操作结果为:自动投标总额达到50%退出循环-->借款编号75,当前循环用户为:try4,当前循环自动投标设置编号为:7,操作结果为:用户设置不允许投月标 且 该笔借款为月标-->自动金额大于借款金额20%,自动调整为10000元-->当前自动金额大于用户设置的最大投标额,系统自动调整为:3500元-->最终放弃投标
借款编号75,当前循环用户为:zhang,当前循环自动投标设置编号为:12,操作结果为:月标期限不符合,用户设置为1~1个月,当前借款期限为:3个月-->奖励范围不符合,用户设置奖励范围为:0.00~2.00,当前奖励为:-->自动金额大于借款金额20%,自动调整为10000元-->当前剩余投标金额:10000元,小于用户设置的最低投标额50000元-->最终放弃投标
借款编号75,当前循环用户为:yumi0704,当前循环自动投标设置编号为:35,操作结果为:自动金额大于借款金额20%,自动调整为10000元-->进入实际投标环节
借款编号75,当前循环用户为:xiaoli,当前循环自动投标设置编号为:26,操作结果为:自动金额大于借款金额20%,自动调整为10000元-->进入实际投标环节
借款编号75,当前循环用户为:liji771818,当前循环自动投标设置编号为:28,操作结果为:自动金额:5000-->进入实际投标环节
借款编号75,当前循环用户为:yumi0704,当前循环自动投标设置编号为:36,操作结果为:当前投标用户已经有过投标动作-->自动投标总额达到50%退出循环-->借款编号76,当前循环用户为:try4,当前循环自动投标设置编号为:7,操作结果为:用户设置不允许投月标 且 该笔借款为月标-->自动金额大于借款金额20%,自动调整为1000元-->当前剩余投标金额:1000元,小于用户设置的最低投标额3000元-->最终放弃投标
借款编号76,当前循环用户为:zhang,当前循环自动投标设置编号为:12,操作结果为:奖励范围不符合,用户设置奖励范围为:0.00~2.00,当前奖励为:-->自动金额大于借款金额20%,自动调整为1000元-->当前剩余投标金额:1000元,小于用户设置的最低投标额50000元-->最终放弃投标
借款编号76,当前循环用户为:yumi0704,当前循环自动投标设置编号为:36,操作结果为:自动金额大于借款金额20%,自动调整为1000元-->进入实际投标环节
借款编号76,当前循环用户为:yumi0704,当前循环自动投标设置编号为:37,操作结果为:当前投标用户已经有过投标动作-->自动金额大于借款金额20%,自动调整为1000元-->最终放弃投标
借款编号76,当前循环用户为:xiaoli,当前循环自动投标设置编号为:16,操作结果为:自动金额大于借款金额20%,自动调整为1000元-->进入实际投标环节
借款编号76,当前循环用户为:liji771818,当前循环自动投标设置编号为:30,操作结果为:自动金额:500-->进入实际投标环节
借款编号76,当前循环用户为:liji771818,当前循环自动投标设置编号为:27,操作结果为:当前投标用户已经有过投标动作-->还款类型不符合,当前借款不是按月分期,但用户设置为只投按月分期-->自动投标总额达到50%退出循环-->借款编号77,当前循环用户为:try4,当前循环自动投标设置编号为:7,操作结果为:用户设置不允许投月标 且 该笔借款为月标-->自动金额大于借款金额20%,自动调整为1000元-->当前剩余投标金额:1000元,小于用户设置的最低投标额3000元-->最终放弃投标
借款编号77,当前循环用户为:zhang,当前循环自动投标设置编号为:12,操作结果为:奖励范围不符合,用户设置奖励范围为:0.00~2.00,当前奖励为:-->自动金额大于借款金额20%,自动调整为1000元-->当前剩余投标金额:1000元,小于用户设置的最低投标额50000元-->最终放弃投标
借款编号77,当前循环用户为:yumi0704,当前循环自动投标设置编号为:37,操作结果为:自动金额大于借款金额20%,自动调整为1000元-->进入实际投标环节
借款编号77,当前循环用户为:liji771818,当前循环自动投标设置编号为:27,操作结果为:还款类型不符合,当前借款不是按月分期,但用户设置为只投按月分期-->自动金额大于借款金额20%,自动调整为1000元-->最终放弃投标
借款编号77,当前循环用户为:hscfweny,当前循环自动投标设置编号为:14,操作结果为:还款类型不符合,当前借款不是按月分期,但用户设置为只投按月分期-->自动金额大于借款金额20%,自动调整为1000元-->最终放弃投标
借款编号77,当前循环用户为:xiaoli,当前循环自动投标设置编号为:20,操作结果为:还款类型不符合,当前借款不是按月分期,但用户设置为只投按月分期-->自动金额大于借款金额20%,自动调整为1000元-->最终放弃投标
借款编号77,当前循环用户为:yumi0704,当前循环自动投标设置编号为:38,操作结果为:当前投标用户已经有过投标动作-->自动金额大于借款金额20%,自动调整为1000元-->当前剩余投标金额:1000元,小于用户设置的最低投标额5000元-->最终放弃投标
借款编号77,当前循环用户为:y41235,当前循环自动投标设置编号为:32,操作结果为:自动金额大于借款金额20%,自动调整为1000元-->当前剩余投标金额:1000元,小于用户设置的最低投标额5000元-->最终放弃投标
借款编号77,当前循环用户为:hscfweny,当前循环自动投标设置编号为:19,操作结果为:还款类型不符合,当前借款不是按月分期,但用户设置为只投按月分期-->自动金额大于借款金额20%,自动调整为1000元-->当前剩余投标金额:1000元,小于用户设置的最低投标额5000元-->最终放弃投标
借款编号77,当前循环用户为:百事猪妖,当前循环自动投标设置编号为:24,操作结果为:自动金额大于借款金额20%,自动调整为1000元-->进入实际投标环节
借款编号77,当前循环用户为:youli777,当前循环自动投标设置编号为:29,操作结果为:自动金额:500-->当前剩余投标金额:500元,小于用户设置的最低投标额8000元-->最终放弃投标
借款编号77,当前循环用户为:yumi0704,当前循环自动投标设置编号为:39,操作结果为:当前投标用户已经有过投标动作-->自动金额:500-->当前剩余投标金额:500元,小于用户设置的最低投标额10000元-->最终放弃投标
借款编号77,当前循环用户为:hscfweny,当前循环自动投标设置编号为:22,操作结果为:自动金额:500-->进入实际投标环节
借款编号77,当前循环用户为:xiaoli,当前循环自动投标设置编号为:18,操作结果为:自动投标总额达到50%退出循环-->借款编号78,当前循环用户为:try4,当前循环自动投标设置编号为:7,操作结果为:用户设置不允许投月标 且 该笔借款为月标-->自动金额大于借款金额20%,自动调整为1000元-->当前剩余投标金额:1000元,小于用户设置的最低投标额3000元-->最终放弃投标
借款编号78,当前循环用户为:zhang,当前循环自动投标设置编号为:12,操作结果为:奖励范围不符合,用户设置奖励范围为:0.00~2.00,当前奖励为:-->自动金额大于借款金额20%,自动调整为1000元-->当前剩余投标金额:1000元,小于用户设置的最低投标额50000元-->最终放弃投标
借款编号78,当前循环用户为:liji771818,当前循环自动投标设置编号为:27,操作结果为:还款类型不符合,当前借款不是按月分期,但用户设置为只投按月分期-->自动金额大于借款金额20%,自动调整为1000元-->最终放弃投标
借款编号78,当前循环用户为:hscfweny,当前循环自动投标设置编号为:14,操作结果为:还款类型不符合,当前借款不是按月分期,但用户设置为只投按月分期-->自动金额大于借款金额20%,自动调整为1000元-->最终放弃投标
借款编号78,当前循环用户为:xiaoli,当前循环自动投标设置编号为:20,操作结果为:还款类型不符合,当前借款不是按月分期,但用户设置为只投按月分期-->自动金额大于借款金额20%,自动调整为1000元-->最终放弃投标
借款编号78,当前循环用户为:yumi0704,当前循环自动投标设置编号为:38,操作结果为:自动金额大于借款金额20%,自动调整为1000元-->当前剩余投标金额:1000元,小于用户设置的最低投标额5000元-->最终放弃投标
借款编号78,当前循环用户为:y41235,当前循环自动投标设置编号为:32,操作结果为:自动金额大于借款金额20%,自动调整为1000元-->当前剩余投标金额:1000元,小于用户设置的最低投标额5000元-->最终放弃投标
借款编号78,当前循环用户为:hscfweny,当前循环自动投标设置编号为:19,操作结果为:还款类型不符合,当前借款不是按月分期,但用户设置为只投按月分期-->自动金额大于借款金额20%,自动调整为1000元-->当前剩余投标金额:1000元,小于用户设置的最低投标额5000元-->最终放弃投标
借款编号78,当前循环用户为:youli777,当前循环自动投标设置编号为:29,操作结果为:自动金额大于借款金额20%,自动调整为1000元-->当前剩余投标金额:1000元,小于用户设置的最低投标额8000元-->最终放弃投标
借款编号78,当前循环用户为:yumi0704,当前循环自动投标设置编号为:39,操作结果为:自动金额大于借款金额20%,自动调整为1000元-->当前剩余投标金额:1000元,小于用户设置的最低投标额10000元-->最终放弃投标
借款编号78,当前循环用户为:xiaoli,当前循环自动投标设置编号为:18,操作结果为:自动金额大于借款金额20%,自动调整为1000元-->进入实际投标环节
借款编号78,当前循环用户为:百事猪妖,当前循环自动投标设置编号为:17,操作结果为:自动金额大于借款金额20%,自动调整为1000元-->进入实际投标环节
借款编号78,当前循环用户为:zhang,当前循环自动投标设置编号为:33,操作结果为:自动金额:500-->进入实际投标环节
借款编号78,当前循环用户为:百事猪妖,当前循环自动投标设置编号为:25,操作结果为:当前投标用户已经有过投标动作-->还款类型不符合,当前借款不是按月分期,但用户设置为只投按月分期-->自动投标总额达到50%退出循环-->借款编号79,当前循环用户为:try4,当前循环自动投标设置编号为:7,操作结果为:用户设置不允许投月标 且 该笔借款为月标-->利率范围不符合,用户设置利率范围为:12.00~12.00,当前借款利率为:20.00-->自动金额大于借款金额20%,自动调整为200元-->当前剩余投标金额:200元,小于用户设置的最低投标额3000元-->最终自动投标金额小于系统设定最低自动金额,跳过-->最终放弃投标
借款编号79,当前循环用户为:zhang,当前循环自动投标设置编号为:12,操作结果为:奖励范围不符合,用户设置奖励范围为:0.00~2.00,当前奖励为:-->自动金额大于借款金额20%,自动调整为200元-->当前剩余投标金额:200元,小于用户设置的最低投标额50000元-->最终自动投标金额小于系统设定最低自动金额,跳过-->最终放弃投标
借款编号79,当前循环用户为:liji771818,当前循环自动投标设置编号为:27,操作结果为:还款类型不符合,当前借款不是按月分期,但用户设置为只投按月分期-->自动金额大于借款金额20%,自动调整为200元-->当前剩余投标金额:200元,小于用户设置的最低投标额500元-->最终自动投标金额小于系统设定最低自动金额,跳过-->最终放弃投标
借款编号79,当前循环用户为:hscfweny,当前循环自动投标设置编号为:14,操作结果为:还款类型不符合,当前借款不是按月分期,但用户设置为只投按月分期-->自动金额大于借款金额20%,自动调整为200元-->当前剩余投标金额:200元,小于用户设置的最低投标额500元-->最终自动投标金额小于系统设定最低自动金额,跳过-->最终放弃投标
借款编号79,当前循环用户为:xiaoli,当前循环自动投标设置编号为:20,操作结果为:还款类型不符合,当前借款不是按月分期,但用户设置为只投按月分期-->自动金额大于借款金额20%,自动调整为200元-->当前剩余投标金额:200元,小于用户设置的最低投标额500元-->最终自动投标金额小于系统设定最低自动金额,跳过-->最终放弃投标
借款编号79,当前循环用户为:yumi0704,当前循环自动投标设置编号为:38,操作结果为:自动金额大于借款金额20%,自动调整为200元-->当前剩余投标金额:200元,小于用户设置的最低投标额5000元-->最终自动投标金额小于系统设定最低自动金额,跳过-->最终放弃投标
借款编号79,当前循环用户为:y41235,当前循环自动投标设置编号为:32,操作结果为:自动金额大于借款金额20%,自动调整为200元-->当前剩余投标金额:200元,小于用户设置的最低投标额5000元-->最终自动投标金额小于系统设定最低自动金额,跳过-->最终放弃投标
借款编号79,当前循环用户为:hscfweny,当前循环自动投标设置编号为:19,操作结果为:还款类型不符合,当前借款不是按月分期,但用户设置为只投按月分期-->自动金额大于借款金额20%,自动调整为200元-->当前剩余投标金额:200元,小于用户设置的最低投标额5000元-->最终自动投标金额小于系统设定最低自动金额,跳过-->最终放弃投标
借款编号79,当前循环用户为:youli777,当前循环自动投标设置编号为:29,操作结果为:自动金额大于借款金额20%,自动调整为200元-->当前剩余投标金额:200元,小于用户设置的最低投标额8000元-->最终自动投标金额小于系统设定最低自动金额,跳过-->最终放弃投标
借款编号79,当前循环用户为:yumi0704,当前循环自动投标设置编号为:39,操作结果为:自动金额大于借款金额20%,自动调整为200元-->当前剩余投标金额:200元,小于用户设置的最低投标额10000元-->最终自动投标金额小于系统设定最低自动金额,跳过-->最终放弃投标
借款编号79,当前循环用户为:百事猪妖,当前循环自动投标设置编号为:25,操作结果为:还款类型不符合,当前借款不是按月分期,但用户设置为只投按月分期-->自动金额大于借款金额20%,自动调整为200元-->当前剩余投标金额:200元,小于用户设置的最低投标额10000元-->最终自动投标金额小于系统设定最低自动金额,跳过-->最终放弃投标
借款编号79,当前循环用户为:zhang,当前循环自动投标设置编号为:31,操作结果为:自动金额大于借款金额20%,自动调整为200元-->当前剩余投标金额:200元,小于用户设置的最低投标额5000元-->最终自动投标金额小于系统设定最低自动金额,跳过-->最终放弃投标
借款编号79,当前循环用户为:dongxinanbei,当前循环自动投标设置编号为:34,操作结果为:自动金额大于借款金额20%,自动调整为200元-->当前剩余投标金额:200元,小于用户设置的最低投标额500元-->最终自动投标金额小于系统设定最低自动金额,跳过-->最终放弃投标
借款编号79,当前循环用户为:y41235,当前循环自动投标设置编号为:23,操作结果为:自动金额大于借款金额20%,自动调整为200元-->当前剩余投标金额:200元,小于用户设置的最低投标额1000元-->最终自动投标金额小于系统设定最低自动金额,跳过-->最终放弃投标
借款编号79,当前循环用户为:yumi0704,当前循环自动投标设置编号为:35,操作结果为:自动金额大于借款金额20%,自动调整为200元-->当前剩余投标金额:200元,小于用户设置的最低投标额10000元-->最终自动投标金额小于系统设定最低自动金额,跳过-->最终放弃投标
借款编号79,当前循环用户为:xiaoli,当前循环自动投标设置编号为:26,操作结果为:自动金额大于借款金额20%,自动调整为200元-->当前剩余投标金额:200元,小于用户设置的最低投标额500元-->最终自动投标金额小于系统设定最低自动金额,跳过-->最终放弃投标
借款编号79,当前循环用户为:liji771818,当前循环自动投标设置编号为:28,操作结果为:自动金额大于借款金额20%,自动调整为200元-->当前剩余投标金额:200元,小于用户设置的最低投标额500元-->最终自动投标金额小于系统设定最低自动金额,跳过-->最终放弃投标
借款编号79,当前循环用户为:yumi0704,当前循环自动投标设置编号为:36,操作结果为:自动金额大于借款金额20%,自动调整为200元-->当前剩余投标金额:200元,小于用户设置的最低投标额500元-->最终自动投标金额小于系统设定最低自动金额,跳过-->最终放弃投标
借款编号79,当前循环用户为:xiaoli,当前循环自动投标设置编号为:16,操作结果为:自动金额大于借款金额20%,自动调整为200元-->当前剩余投标金额:200元,小于用户设置的最低投标额500元-->最终自动投标金额小于系统设定最低自动金额,跳过-->最终放弃投标
借款编号79,当前循环用户为:liji771818,当前循环自动投标设置编号为:30,操作结果为:自动金额大于借款金额20%,自动调整为200元-->当前剩余投标金额:200元,小于用户设置的最低投标额500元-->最终自动投标金额小于系统设定最低自动金额,跳过-->最终放弃投标
借款编号79,当前循环用户为:yumi0704,当前循环自动投标设置编号为:37,操作结果为:自动金额大于借款金额20%,自动调整为200元-->当前剩余投标金额:200元,小于用户设置的最低投标额500元-->最终自动投标金额小于系统设定最低自动金额,跳过-->最终放弃投标
借款编号79,当前循环用户为:百事猪妖,当前循环自动投标设置编号为:24,操作结果为:自动金额大于借款金额20%,自动调整为200元-->当前剩余投标金额:200元,小于用户设置的最低投标额1000元-->最终自动投标金额小于系统设定最低自动金额,跳过-->最终放弃投标
借款编号79,当前循环用户为:hscfweny,当前循环自动投标设置编号为:22,操作结果为:自动金额大于借款金额20%,自动调整为200元-->当前剩余投标金额:200元,小于用户设置的最低投标额500元-->最终自动投标金额小于系统设定最低自动金额,跳过-->最终放弃投标
借款编号79,当前循环用户为:xiaoli,当前循环自动投标设置编号为:18,操作结果为:自动金额大于借款金额20%,自动调整为200元-->当前剩余投标金额:200元,小于用户设置的最低投标额500元-->最终自动投标金额小于系统设定最低自动金额,跳过-->最终放弃投标
借款编号79,当前循环用户为:百事猪妖,当前循环自动投标设置编号为:17,操作结果为:自动金额大于借款金额20%,自动调整为200元-->当前剩余投标金额:200元,小于用户设置的最低投标额500元-->最终自动投标金额小于系统设定最低自动金额,跳过-->最终放弃投标
借款编号79,当前循环用户为:zhang,当前循环自动投标设置编号为:33,操作结果为:自动金额大于借款金额20%,自动调整为200元-->最终自动投标金额小于系统设定最低自动金额,跳过-->最终放弃投标
借款编号80,当前循环用户为:try4,当前循环自动投标设置编号为:7,操作结果为:用户设置不允许投月标 且 该笔借款为月标-->利率范围不符合,用户设置利率范围为:12.00~12.00,当前借款利率为:10.00-->自动金额大于借款金额20%,自动调整为1000元-->当前剩余投标金额:1000元,小于用户设置的最低投标额3000元-->最终放弃投标
借款编号80,当前循环用户为:zhang,当前循环自动投标设置编号为:12,操作结果为:奖励范围不符合,用户设置奖励范围为:0.00~2.00,当前奖励为:-->自动金额大于借款金额20%,自动调整为1000元-->当前剩余投标金额:1000元,小于用户设置的最低投标额50000元-->最终放弃投标
借款编号80,当前循环用户为:liji771818,当前循环自动投标设置编号为:27,操作结果为:还款类型不符合,当前借款不是按月分期,但用户设置为只投按月分期-->自动金额大于借款金额20%,自动调整为1000元-->最终放弃投标
借款编号80,当前循环用户为:hscfweny,当前循环自动投标设置编号为:14,操作结果为:还款类型不符合,当前借款不是按月分期,但用户设置为只投按月分期-->自动金额大于借款金额20%,自动调整为1000元-->最终放弃投标
借款编号80,当前循环用户为:xiaoli,当前循环自动投标设置编号为:20,操作结果为:还款类型不符合,当前借款不是按月分期,但用户设置为只投按月分期-->自动金额大于借款金额20%,自动调整为1000元-->最终放弃投标
借款编号80,当前循环用户为:yumi0704,当前循环自动投标设置编号为:38,操作结果为:自动金额大于借款金额20%,自动调整为1000元-->当前剩余投标金额:1000元,小于用户设置的最低投标额5000元-->最终放弃投标
借款编号80,当前循环用户为:y41235,当前循环自动投标设置编号为:32,操作结果为:利率范围不符合,用户设置利率范围为:12.00~12.00,当前借款利率为:10.00-->自动金额大于借款金额20%,自动调整为1000元-->当前剩余投标金额:1000元,小于用户设置的最低投标额5000元-->最终放弃投标
借款编号80,当前循环用户为:hscfweny,当前循环自动投标设置编号为:19,操作结果为:还款类型不符合,当前借款不是按月分期,但用户设置为只投按月分期-->自动金额大于借款金额20%,自动调整为1000元-->当前剩余投标金额:1000元,小于用户设置的最低投标额5000元-->最终放弃投标
借款编号80,当前循环用户为:youli777,当前循环自动投标设置编号为:29,操作结果为:自动金额大于借款金额20%,自动调整为1000元-->当前剩余投标金额:1000元,小于用户设置的最低投标额8000元-->最终放弃投标
借款编号80,当前循环用户为:yumi0704,当前循环自动投标设置编号为:39,操作结果为:自动金额大于借款金额20%,自动调整为1000元-->当前剩余投标金额:1000元,小于用户设置的最低投标额10000元-->最终放弃投标
借款编号80,当前循环用户为:百事猪妖,当前循环自动投标设置编号为:25,操作结果为:还款类型不符合,当前借款不是按月分期,但用户设置为只投按月分期-->自动金额大于借款金额20%,自动调整为1000元-->当前剩余投标金额:1000元,小于用户设置的最低投标额10000元-->最终放弃投标
借款编号80,当前循环用户为:zhang,当前循环自动投标设置编号为:31,操作结果为:自动金额大于借款金额20%,自动调整为1000元-->当前剩余投标金额:1000元,小于用户设置的最低投标额5000元-->最终放弃投标
借款编号80,当前循环用户为:dongxinanbei,当前循环自动投标设置编号为:34,操作结果为:自动金额大于借款金额20%,自动调整为1000元-->进入实际投标环节
借款编号80,当前循环用户为:y41235,当前循环自动投标设置编号为:23,操作结果为:利率范围不符合,用户设置利率范围为:12.00~12.00,当前借款利率为:10.00-->自动金额大于借款金额20%,自动调整为1000元-->最终放弃投标
借款编号80,当前循环用户为:yumi0704,当前循环自动投标设置编号为:35,操作结果为:自动金额大于借款金额20%,自动调整为1000元-->当前剩余投标金额:1000元,小于用户设置的最低投标额10000元-->最终放弃投标
借款编号80,当前循环用户为:xiaoli,当前循环自动投标设置编号为:26,操作结果为:自动金额大于借款金额20%,自动调整为1000元-->进入实际投标环节
借款编号80,当前循环用户为:liji771818,当前循环自动投标设置编号为:28,操作结果为:自动金额:500-->进入实际投标环节
借款编号80,当前循环用户为:yumi0704,当前循环自动投标设置编号为:36,操作结果为:自动投标总额达到50%退出循环-->借款编号81,当前循环用户为:try4,当前循环自动投标设置编号为:7,操作结果为:用户设置不允许投月标 且 该笔借款为月标-->利率范围不符合,用户设置利率范围为:12.00~12.00,当前借款利率为:10.00-->自动金额大于借款金额20%,自动调整为2000元-->当前剩余投标金额:2000元,小于用户设置的最低投标额3000元-->最终放弃投标
借款编号81,当前循环用户为:zhang,当前循环自动投标设置编号为:12,操作结果为:奖励范围不符合,用户设置奖励范围为:0.00~2.00,当前奖励为:-->自动金额大于借款金额20%,自动调整为2000元-->当前剩余投标金额:2000元,小于用户设置的最低投标额50000元-->最终放弃投标
借款编号81,当前循环用户为:liji771818,当前循环自动投标设置编号为:27,操作结果为:还款类型不符合,当前借款不是按月分期,但用户设置为只投按月分期-->自动金额大于借款金额20%,自动调整为2000元-->最终放弃投标
借款编号81,当前循环用户为:hscfweny,当前循环自动投标设置编号为:14,操作结果为:还款类型不符合,当前借款不是按月分期,但用户设置为只投按月分期-->自动金额大于借款金额20%,自动调整为2000元-->当前自动金额大于用户设置的最大投标额,系统自动调整为:1000元-->最终放弃投标
借款编号81,当前循环用户为:xiaoli,当前循环自动投标设置编号为:20,操作结果为:还款类型不符合,当前借款不是按月分期,但用户设置为只投按月分期-->自动金额大于借款金额20%,自动调整为2000元-->最终放弃投标
借款编号81,当前循环用户为:yumi0704,当前循环自动投标设置编号为:38,操作结果为:自动金额大于借款金额20%,自动调整为2000元-->当前剩余投标金额:2000元,小于用户设置的最低投标额5000元-->最终放弃投标
借款编号81,当前循环用户为:y41235,当前循环自动投标设置编号为:32,操作结果为:利率范围不符合,用户设置利率范围为:12.00~12.00,当前借款利率为:10.00-->自动金额大于借款金额20%,自动调整为2000元-->当前剩余投标金额:2000元,小于用户设置的最低投标额5000元-->最终放弃投标
借款编号81,当前循环用户为:hscfweny,当前循环自动投标设置编号为:19,操作结果为:还款类型不符合,当前借款不是按月分期,但用户设置为只投按月分期-->自动金额大于借款金额20%,自动调整为2000元-->当前剩余投标金额:2000元,小于用户设置的最低投标额5000元-->最终放弃投标
借款编号81,当前循环用户为:youli777,当前循环自动投标设置编号为:29,操作结果为:自动金额大于借款金额20%,自动调整为2000元-->当前剩余投标金额:2000元,小于用户设置的最低投标额8000元-->最终放弃投标
借款编号81,当前循环用户为:yumi0704,当前循环自动投标设置编号为:39,操作结果为:自动金额大于借款金额20%,自动调整为2000元-->当前剩余投标金额:2000元,小于用户设置的最低投标额10000元-->最终放弃投标
借款编号81,当前循环用户为:百事猪妖,当前循环自动投标设置编号为:25,操作结果为:还款类型不符合,当前借款不是按月分期,但用户设置为只投按月分期-->自动金额大于借款金额20%,自动调整为2000元-->当前剩余投标金额:2000元,小于用户设置的最低投标额10000元-->最终放弃投标
借款编号81,当前循环用户为:zhang,当前循环自动投标设置编号为:31,操作结果为:自动金额大于借款金额20%,自动调整为2000元-->当前剩余投标金额:2000元,小于用户设置的最低投标额5000元-->最终放弃投标
借款编号81,当前循环用户为:y41235,当前循环自动投标设置编号为:23,操作结果为:利率范围不符合,用户设置利率范围为:12.00~12.00,当前借款利率为:10.00-->自动金额大于借款金额20%,自动调整为2000元-->最终放弃投标
借款编号81,当前循环用户为:yumi0704,当前循环自动投标设置编号为:35,操作结果为:自动金额大于借款金额20%,自动调整为2000元-->当前剩余投标金额:2000元,小于用户设置的最低投标额10000元-->最终放弃投标
借款编号81,当前循环用户为:yumi0704,当前循环自动投标设置编号为:36,操作结果为:自动金额大于借款金额20%,自动调整为2000元-->进入实际投标环节
借款编号81,当前循环用户为:xiaoli,当前循环自动投标设置编号为:16,操作结果为:自动金额大于借款金额20%,自动调整为2000元-->进入实际投标环节
借款编号81,当前循环用户为:liji771818,当前循环自动投标设置编号为:30,操作结果为:自动金额:1000-->进入实际投标环节
借款编号81,当前循环用户为:yumi0704,当前循环自动投标设置编号为:37,操作结果为:当前投标用户已经有过投标动作-->自动投标总额达到50%退出循环-->借款编号82,当前循环用户为:try4,当前循环自动投标设置编号为:7,操作结果为:用户设置不允许投月标 且 该笔借款为月标-->利率范围不符合,用户设置利率范围为:12.00~12.00,当前借款利率为:20.00-->自动金额大于借款金额20%,自动调整为1000元-->当前剩余投标金额:1000元,小于用户设置的最低投标额3000元-->最终放弃投标
借款编号82,当前循环用户为:zhang,当前循环自动投标设置编号为:12,操作结果为:奖励范围不符合,用户设置奖励范围为:0.00~2.00,当前奖励为:-->自动金额大于借款金额20%,自动调整为1000元-->当前剩余投标金额:1000元,小于用户设置的最低投标额50000元-->最终放弃投标
借款编号82,当前循环用户为:liji771818,当前循环自动投标设置编号为:27,操作结果为:还款类型不符合,当前借款不是按月分期,但用户设置为只投按月分期-->自动金额大于借款金额20%,自动调整为1000元-->最终放弃投标
借款编号82,当前循环用户为:hscfweny,当前循环自动投标设置编号为:14,操作结果为:还款类型不符合,当前借款不是按月分期,但用户设置为只投按月分期-->自动金额大于借款金额20%,自动调整为1000元-->最终放弃投标
借款编号82,当前循环用户为:xiaoli,当前循环自动投标设置编号为:20,操作结果为:还款类型不符合,当前借款不是按月分期,但用户设置为只投按月分期-->自动金额大于借款金额20%,自动调整为1000元-->最终放弃投标
借款编号82,当前循环用户为:yumi0704,当前循环自动投标设置编号为:38,操作结果为:自动金额大于借款金额20%,自动调整为1000元-->当前剩余投标金额:1000元,小于用户设置的最低投标额5000元-->最终放弃投标
借款编号82,当前循环用户为:y41235,当前循环自动投标设置编号为:32,操作结果为:自动金额大于借款金额20%,自动调整为1000元-->当前剩余投标金额:1000元,小于用户设置的最低投标额5000元-->最终放弃投标
借款编号82,当前循环用户为:hscfweny,当前循环自动投标设置编号为:19,操作结果为:还款类型不符合,当前借款不是按月分期,但用户设置为只投按月分期-->自动金额大于借款金额20%,自动调整为1000元-->当前剩余投标金额:1000元,小于用户设置的最低投标额5000元-->最终放弃投标
借款编号82,当前循环用户为:youli777,当前循环自动投标设置编号为:29,操作结果为:自动金额大于借款金额20%,自动调整为1000元-->当前剩余投标金额:1000元,小于用户设置的最低投标额8000元-->最终放弃投标
借款编号82,当前循环用户为:yumi0704,当前循环自动投标设置编号为:39,操作结果为:自动金额大于借款金额20%,自动调整为1000元-->当前剩余投标金额:1000元,小于用户设置的最低投标额10000元-->最终放弃投标
借款编号82,当前循环用户为:百事猪妖,当前循环自动投标设置编号为:25,操作结果为:还款类型不符合,当前借款不是按月分期,但用户设置为只投按月分期-->自动金额大于借款金额20%,自动调整为1000元-->当前剩余投标金额:1000元,小于用户设置的最低投标额10000元-->最终放弃投标
借款编号82,当前循环用户为:zhang,当前循环自动投标设置编号为:31,操作结果为:自动金额大于借款金额20%,自动调整为1000元-->当前剩余投标金额:1000元,小于用户设置的最低投标额5000元-->最终放弃投标
借款编号82,当前循环用户为:y41235,当前循环自动投标设置编号为:23,操作结果为:自动金额大于借款金额20%,自动调整为1000元-->进入实际投标环节
借款编号82,当前循环用户为:yumi0704,当前循环自动投标设置编号为:35,操作结果为:自动金额大于借款金额20%,自动调整为1000元-->当前剩余投标金额:1000元,小于用户设置的最低投标额10000元-->最终放弃投标
借款编号82,当前循环用户为:yumi0704,当前循环自动投标设置编号为:37,操作结果为:自动金额大于借款金额20%,自动调整为1000元-->进入实际投标环节
借款编号82,当前循环用户为:百事猪妖,当前循环自动投标设置编号为:24,操作结果为:自动金额:500-->当前剩余投标金额:500元,小于用户设置的最低投标额1000元-->最终放弃投标
借款编号82,当前循环用户为:hscfweny,当前循环自动投标设置编号为:22,操作结果为:自动金额:500-->进入实际投标环节
借款编号82,当前循环用户为:xiaoli,当前循环自动投标设置编号为:18,操作结果为:自动投标总额达到50%退出循环-->借款编号83,当前循环用户为:try4,当前循环自动投标设置编号为:7,操作结果为:用户设置不允许投月标 且 该笔借款为月标-->利率范围不符合,用户设置利率范围为:12.00~12.00,当前借款利率为:10.00-->自动金额大于借款金额20%,自动调整为1000元-->当前剩余投标金额:1000元,小于用户设置的最低投标额3000元-->最终放弃投标
借款编号83,当前循环用户为:zhang,当前循环自动投标设置编号为:12,操作结果为:奖励范围不符合,用户设置奖励范围为:0.00~2.00,当前奖励为:-->自动金额大于借款金额20%,自动调整为1000元-->当前剩余投标金额:1000元,小于用户设置的最低投标额50000元-->最终放弃投标
借款编号83,当前循环用户为:liji771818,当前循环自动投标设置编号为:27,操作结果为:还款类型不符合,当前借款不是按月分期,但用户设置为只投按月分期-->自动金额大于借款金额20%,自动调整为1000元-->最终放弃投标
借款编号83,当前循环用户为:hscfweny,当前循环自动投标设置编号为:14,操作结果为:还款类型不符合,当前借款不是按月分期,但用户设置为只投按月分期-->自动金额大于借款金额20%,自动调整为1000元-->最终放弃投标
借款编号83,当前循环用户为:xiaoli,当前循环自动投标设置编号为:20,操作结果为:还款类型不符合,当前借款不是按月分期,但用户设置为只投按月分期-->自动金额大于借款金额20%,自动调整为1000元-->最终放弃投标
借款编号83,当前循环用户为:yumi0704,当前循环自动投标设置编号为:38,操作结果为:自动金额大于借款金额20%,自动调整为1000元-->当前剩余投标金额:1000元,小于用户设置的最低投标额5000元-->最终放弃投标
借款编号83,当前循环用户为:y41235,当前循环自动投标设置编号为:32,操作结果为:利率范围不符合,用户设置利率范围为:12.00~12.00,当前借款利率为:10.00-->自动金额大于借款金额20%,自动调整为1000元-->当前剩余投标金额:1000元,小于用户设置的最低投标额5000元-->最终放弃投标
借款编号83,当前循环用户为:hscfweny,当前循环自动投标设置编号为:19,操作结果为:还款类型不符合,当前借款不是按月分期,但用户设置为只投按月分期-->自动金额大于借款金额20%,自动调整为1000元-->当前剩余投标金额:1000元,小于用户设置的最低投标额5000元-->最终放弃投标
借款编号83,当前循环用户为:youli777,当前循环自动投标设置编号为:29,操作结果为:自动金额大于借款金额20%,自动调整为1000元-->当前剩余投标金额:1000元,小于用户设置的最低投标额8000元-->最终放弃投标
借款编号83,当前循环用户为:yumi0704,当前循环自动投标设置编号为:39,操作结果为:自动金额大于借款金额20%,自动调整为1000元-->当前剩余投标金额:1000元,小于用户设置的最低投标额10000元-->最终放弃投标
借款编号83,当前循环用户为:百事猪妖,当前循环自动投标设置编号为:25,操作结果为:还款类型不符合,当前借款不是按月分期,但用户设置为只投按月分期-->自动金额大于借款金额20%,自动调整为1000元-->当前剩余投标金额:1000元,小于用户设置的最低投标额10000元-->最终放弃投标
借款编号83,当前循环用户为:zhang,当前循环自动投标设置编号为:31,操作结果为:自动金额大于借款金额20%,自动调整为1000元-->当前剩余投标金额:1000元,小于用户设置的最低投标额5000元-->最终放弃投标
借款编号83,当前循环用户为:yumi0704,当前循环自动投标设置编号为:35,操作结果为:自动金额大于借款金额20%,自动调整为1000元-->当前剩余投标金额:1000元,小于用户设置的最低投标额10000元-->最终放弃投标
借款编号83,当前循环用户为:百事猪妖,当前循环自动投标设置编号为:24,操作结果为:自动金额大于借款金额20%,自动调整为1000元-->进入实际投标环节
借款编号83,当前循环用户为:xiaoli,当前循环自动投标设置编号为:18,操作结果为:自动金额大于借款金额20%,自动调整为1000元-->进入实际投标环节
借款编号83,当前循环用户为:百事猪妖,当前循环自动投标设置编号为:17,操作结果为:当前投标用户已经有过投标动作-->自动金额:500-->最终放弃投标
借款编号83,当前循环用户为:zhang,当前循环自动投标设置编号为:33,操作结果为:自动金额:500-->进入实际投标环节
借款编号83,当前循环用户为:dongxinanbei,当前循环自动投标设置编号为:34,操作结果为:自动投标总额达到50%退出循环-->借款编号84,当前循环用户为:try4,当前循环自动投标设置编号为:7,操作结果为:用户设置不允许投月标 且 该笔借款为月标-->利率范围不符合,用户设置利率范围为:12.00~12.00,当前借款利率为:10.00-->自动金额大于借款金额20%,自动调整为1000元-->当前剩余投标金额:1000元,小于用户设置的最低投标额3000元-->最终放弃投标
借款编号84,当前循环用户为:zhang,当前循环自动投标设置编号为:12,操作结果为:奖励范围不符合,用户设置奖励范围为:0.00~2.00,当前奖励为:-->自动金额大于借款金额20%,自动调整为1000元-->当前剩余投标金额:1000元,小于用户设置的最低投标额50000元-->最终放弃投标
借款编号84,当前循环用户为:liji771818,当前循环自动投标设置编号为:27,操作结果为:还款类型不符合,当前借款不是按月分期,但用户设置为只投按月分期-->自动金额大于借款金额20%,自动调整为1000元-->最终放弃投标
借款编号84,当前循环用户为:hscfweny,当前循环自动投标设置编号为:14,操作结果为:还款类型不符合,当前借款不是按月分期,但用户设置为只投按月分期-->自动金额大于借款金额20%,自动调整为1000元-->最终放弃投标
借款编号84,当前循环用户为:xiaoli,当前循环自动投标设置编号为:20,操作结果为:还款类型不符合,当前借款不是按月分期,但用户设置为只投按月分期-->自动金额大于借款金额20%,自动调整为1000元-->最终放弃投标
借款编号84,当前循环用户为:yumi0704,当前循环自动投标设置编号为:38,操作结果为:自动金额大于借款金额20%,自动调整为1000元-->当前剩余投标金额:1000元,小于用户设置的最低投标额5000元-->最终放弃投标
借款编号84,当前循环用户为:y41235,当前循环自动投标设置编号为:32,操作结果为:利率范围不符合,用户设置利率范围为:12.00~12.00,当前借款利率为:10.00-->自动金额大于借款金额20%,自动调整为1000元-->当前剩余投标金额:1000元,小于用户设置的最低投标额5000元-->最终放弃投标
借款编号84,当前循环用户为:hscfweny,当前循环自动投标设置编号为:19,操作结果为:还款类型不符合,当前借款不是按月分期,但用户设置为只投按月分期-->自动金额大于借款金额20%,自动调整为1000元-->当前剩余投标金额:1000元,小于用户设置的最低投标额5000元-->最终放弃投标
借款编号84,当前循环用户为:youli777,当前循环自动投标设置编号为:29,操作结果为:自动金额大于借款金额20%,自动调整为1000元-->当前剩余投标金额:1000元,小于用户设置的最低投标额8000元-->最终放弃投标
借款编号84,当前循环用户为:yumi0704,当前循环自动投标设置编号为:39,操作结果为:自动金额大于借款金额20%,自动调整为1000元-->当前剩余投标金额:1000元,小于用户设置的最低投标额10000元-->最终放弃投标
借款编号84,当前循环用户为:百事猪妖,当前循环自动投标设置编号为:25,操作结果为:还款类型不符合,当前借款不是按月分期,但用户设置为只投按月分期-->自动金额大于借款金额20%,自动调整为1000元-->当前剩余投标金额:1000元,小于用户设置的最低投标额10000元-->最终放弃投标
借款编号84,当前循环用户为:zhang,当前循环自动投标设置编号为:31,操作结果为:自动金额大于借款金额20%,自动调整为1000元-->当前剩余投标金额:1000元,小于用户设置的最低投标额5000元-->最终放弃投标
借款编号84,当前循环用户为:yumi0704,当前循环自动投标设置编号为:35,操作结果为:自动金额大于借款金额20%,自动调整为1000元-->当前剩余投标金额:1000元,小于用户设置的最低投标额10000元-->最终放弃投标
借款编号84,当前循环用户为:百事猪妖,当前循环自动投标设置编号为:17,操作结果为:自动金额大于借款金额20%,自动调整为1000元-->进入实际投标环节
借款编号84,当前循环用户为:dongxinanbei,当前循环自动投标设置编号为:34,操作结果为:自动金额大于借款金额20%,自动调整为1000元-->进入实际投标环节
借款编号84,当前循环用户为:xiaoli,当前循环自动投标设置编号为:26,操作结果为:自动金额:500-->进入实际投标环节
借款编号84,当前循环用户为:liji771818,当前循环自动投标设置编号为:28,操作结果为:自动投标总额达到50%退出循环-->借款编号85,当前循环用户为:try4,当前循环自动投标设置编号为:7,操作结果为:用户设置不允许投月标 且 该笔借款为月标-->自动金额大于借款金额20%,自动调整为1000元-->当前剩余投标金额:1000元,小于用户设置的最低投标额3000元-->最终放弃投标
借款编号85,当前循环用户为:zhang,当前循环自动投标设置编号为:12,操作结果为:月标期限不符合,用户设置为1~1个月,当前借款期限为:3个月-->奖励范围不符合,用户设置奖励范围为:0.00~2.00,当前奖励为:-->自动金额大于借款金额20%,自动调整为1000元-->当前剩余投标金额:1000元,小于用户设置的最低投标额50000元-->最终放弃投标
借款编号85,当前循环用户为:liji771818,当前循环自动投标设置编号为:27,操作结果为:还款类型不符合,当前借款不是按月分期,但用户设置为只投按月分期-->自动金额大于借款金额20%,自动调整为1000元-->最终放弃投标
借款编号85,当前循环用户为:hscfweny,当前循环自动投标设置编号为:14,操作结果为:还款类型不符合,当前借款不是按月分期,但用户设置为只投按月分期-->自动金额大于借款金额20%,自动调整为1000元-->最终放弃投标
借款编号85,当前循环用户为:xiaoli,当前循环自动投标设置编号为:20,操作结果为:还款类型不符合,当前借款不是按月分期,但用户设置为只投按月分期-->自动金额大于借款金额20%,自动调整为1000元-->最终放弃投标
借款编号85,当前循环用户为:yumi0704,当前循环自动投标设置编号为:38,操作结果为:自动金额大于借款金额20%,自动调整为1000元-->当前剩余投标金额:1000元,小于用户设置的最低投标额5000元-->最终放弃投标
借款编号85,当前循环用户为:y41235,当前循环自动投标设置编号为:32,操作结果为:自动金额大于借款金额20%,自动调整为1000元-->当前剩余投标金额:1000元,小于用户设置的最低投标额5000元-->最终放弃投标
借款编号85,当前循环用户为:hscfweny,当前循环自动投标设置编号为:19,操作结果为:还款类型不符合,当前借款不是按月分期,但用户设置为只投按月分期-->自动金额大于借款金额20%,自动调整为1000元-->当前剩余投标金额:1000元,小于用户设置的最低投标额5000元-->最终放弃投标
借款编号85,当前循环用户为:youli777,当前循环自动投标设置编号为:29,操作结果为:自动金额大于借款金额20%,自动调整为1000元-->当前剩余投标金额:1000元,小于用户设置的最低投标额8000元-->最终放弃投标
借款编号85,当前循环用户为:yumi0704,当前循环自动投标设置编号为:39,操作结果为:自动金额大于借款金额20%,自动调整为1000元-->当前剩余投标金额:1000元,小于用户设置的最低投标额10000元-->最终放弃投标
借款编号85,当前循环用户为:百事猪妖,当前循环自动投标设置编号为:25,操作结果为:还款类型不符合,当前借款不是按月分期,但用户设置为只投按月分期-->自动金额大于借款金额20%,自动调整为1000元-->当前剩余投标金额:1000元,小于用户设置的最低投标额10000元-->最终放弃投标
借款编号85,当前循环用户为:zhang,当前循环自动投标设置编号为:31,操作结果为:自动金额大于借款金额20%,自动调整为1000元-->当前剩余投标金额:1000元,小于用户设置的最低投标额5000元-->最终放弃投标
借款编号85,当前循环用户为:yumi0704,当前循环自动投标设置编号为:35,操作结果为:自动金额大于借款金额20%,自动调整为1000元-->当前剩余投标金额:1000元,小于用户设置的最低投标额10000元-->最终放弃投标
借款编号85,当前循环用户为:liji771818,当前循环自动投标设置编号为:28,操作结果为:自动金额大于借款金额20%,自动调整为1000元-->进入实际投标环节
借款编号85,当前循环用户为:yumi0704,当前循环自动投标设置编号为:36,操作结果为:自动金额大于借款金额20%,自动调整为1000元-->进入实际投标环节
借款编号85,当前循环用户为:xiaoli,当前循环自动投标设置编号为:16,操作结果为:自动金额大于借款金额20%,自动调整为1000元-->进入实际投标环节
借款编号85,当前循环用户为:liji771818,当前循环自动投标设置编号为:30,操作结果为:当前投标用户已经有过投标动作-->自动金额大于借款金额20%,自动调整为1000元-->最终放弃投标
借款编号85,当前循环用户为:y41235,当前循环自动投标设置编号为:23,操作结果为:自动金额大于借款金额20%,自动调整为1000元-->进入实际投标环节
借款编号85,当前循环用户为:yumi0704,当前循环自动投标设置编号为:37,操作结果为:当前投标用户已经有过投标动作-->自动金额:1000-->最终放弃投标
借款编号85,当前循环用户为:hscfweny,当前循环自动投标设置编号为:22,操作结果为:自动金额:1000-->进入实际投标环节
借款编号85,当前循环用户为:百事猪妖,当前循环自动投标设置编号为:24,操作结果为:标已满-->借款编号1,当前循环用户为:try1,当前循环自动投标设置编号为:6,操作结果为:用户可用资金少于系统设置的最低自动投标准入金额-->自动金额大于借款金额20%,自动调整为2000元-->投标金额大于可用余额,自动调整为:0.00元-->最终自动投标金额小于系统设定最低自动金额,跳过-->最终放弃投标
借款编号1,当前循环用户为:try3,当前循环自动投标设置编号为:8,操作结果为:用户可用资金少于系统设置的最低自动投标准入金额-->还款类型不符合,当前借款不是先息后本,但用户设置为只投先息后本-->自动金额大于借款金额20%,自动调整为2000元-->投标金额大于可用余额,自动调整为:0.00元-->最终自动投标金额小于系统设定最低自动金额,跳过-->最终放弃投标
借款编号1,当前循环用户为:try4,当前循环自动投标设置编号为:10,操作结果为:用户可用资金少于系统设置的最低自动投标准入金额-->月标期限不符合,用户设置为6~12个月,当前借款期限为:1个月-->还款类型不符合,当前借款不是先息后本,但用户设置为只投先息后本-->自动金额大于借款金额20%,自动调整为2000元-->投标金额大于可用余额,自动调整为:0.00元-->最终自动投标金额小于系统设定最低自动金额,跳过-->最终放弃投标
借款编号1,当前循环用户为:try3,当前循环自动投标设置编号为:7,操作结果为:用户可用资金少于系统设置的最低自动投标准入金额-->月标期限不符合,用户设置为3~6个月,当前借款期限为:1个月-->还款类型不符合,当前借款不是先息后本,但用户设置为只投先息后本-->自动金额大于借款金额20%,自动调整为2000元-->投标金额大于可用余额,自动调整为:0.00元-->最终自动投标金额小于系统设定最低自动金额,跳过-->最终放弃投标
借款编号1,当前循环用户为:try1,当前循环自动投标设置编号为:4,操作结果为:用户可用资金少于系统设置的最低自动投标准入金额-->月标期限不符合,用户设置为3~6个月,当前借款期限为:1个月-->自动金额大于借款金额20%,自动调整为2000元-->投标金额大于可用余额,自动调整为:0.00元-->最终自动投标金额小于系统设定最低自动金额,跳过-->最终放弃投标
借款编号1,当前循环用户为:try2,当前循环自动投标设置编号为:2,操作结果为:用户可用资金少于系统设置的最低自动投标准入金额-->月标期限不符合,用户设置为6~12个月,当前借款期限为:1个月-->自动金额大于借款金额20%,自动调整为2000元-->投标金额大于可用余额,自动调整为:0.00元-->最终自动投标金额小于系统设定最低自动金额,跳过-->最终放弃投标
借款编号2,当前循环用户为:try1,当前循环自动投标设置编号为:6,操作结果为:用户可用资金少于系统设置的最低自动投标准入金额-->自动金额大于借款金额20%,自动调整为20000元-->投标金额大于可用余额,自动调整为:0.00元-->最终自动投标金额小于系统设定最低自动金额,跳过-->最终放弃投标
借款编号2,当前循环用户为:try3,当前循环自动投标设置编号为:8,操作结果为:用户可用资金少于系统设置的最低自动投标准入金额-->还款类型不符合,当前借款不是先息后本,但用户设置为只投先息后本-->自动金额大于借款金额20%,自动调整为20000元-->投标金额大于可用余额,自动调整为:0.00元-->最终自动投标金额小于系统设定最低自动金额,跳过-->最终放弃投标
借款编号2,当前循环用户为:try4,当前循环自动投标设置编号为:10,操作结果为:用户可用资金少于系统设置的最低自动投标准入金额-->月标期限不符合,用户设置为6~12个月,当前借款期限为:3个月-->还款类型不符合,当前借款不是先息后本,但用户设置为只投先息后本-->自动金额大于借款金额20%,自动调整为20000元-->投标金额大于可用余额,自动调整为:0.00元-->最终自动投标金额小于系统设定最低自动金额,跳过-->最终放弃投标
借款编号2,当前循环用户为:try3,当前循环自动投标设置编号为:7,操作结果为:用户可用资金少于系统设置的最低自动投标准入金额-->还款类型不符合,当前借款不是先息后本,但用户设置为只投先息后本-->自动金额大于借款金额20%,自动调整为20000元-->投标金额大于可用余额,自动调整为:0.00元-->最终自动投标金额小于系统设定最低自动金额,跳过-->最终放弃投标
借款编号2,当前循环用户为:try1,当前循环自动投标设置编号为:4,操作结果为:用户可用资金少于系统设置的最低自动投标准入金额-->自动金额大于借款金额20%,自动调整为20000元-->投标金额大于可用余额,自动调整为:0.00元-->最终自动投标金额小于系统设定最低自动金额,跳过-->最终放弃投标
借款编号2,当前循环用户为:try2,当前循环自动投标设置编号为:2,操作结果为:用户可用资金少于系统设置的最低自动投标准入金额-->月标期限不符合,用户设置为6~12个月,当前借款期限为:3个月-->自动金额大于借款金额20%,自动调整为20000元-->投标金额大于可用余额,自动调整为:0.00元-->最终自动投标金额小于系统设定最低自动金额,跳过-->最终放弃投标
借款编号3,当前循环用户为:try1,当前循环自动投标设置编号为:6,操作结果为:还款类型不符合,当前借款不是按月分期,但用户设置为只投按月分期-->自动金额大于借款金额20%,自动调整为20000元-->最终放弃投标
借款编号3,当前循环用户为:try3,当前循环自动投标设置编号为:8,操作结果为:自动金额大于借款金额20%,自动调整为20000元-->进入实际投标环节
借款编号3,当前循环用户为:try4,当前循环自动投标设置编号为:10,操作结果为:月标期限不符合,用户设置为6~12个月,当前借款期限为:3个月-->自动金额大于借款金额20%,自动调整为20000元-->最终放弃投标
借款编号3,当前循环用户为:try3,当前循环自动投标设置编号为:7,操作结果为:当前投标用户已经有过投标动作-->自动金额大于借款金额20%,自动调整为20000元-->最终放弃投标
借款编号3,当前循环用户为:try1,当前循环自动投标设置编号为:4,操作结果为:还款类型不符合,当前借款不是按月分期,但用户设置为只投按月分期-->自动金额大于借款金额20%,自动调整为20000元-->最终放弃投标
借款编号3,当前循环用户为:try2,当前循环自动投标设置编号为:2,操作结果为:月标期限不符合,用户设置为6~12个月,当前借款期限为:3个月-->还款类型不符合,当前借款不是按月分期,但用户设置为只投按月分期-->自动金额大于借款金额20%,自动调整为20000元-->最终放弃投标
借款编号4,当前循环用户为:try1,当前循环自动投标设置编号为:6,操作结果为:还款类型不符合,当前借款不是按月分期,但用户设置为只投按月分期-->自动金额大于借款金额20%,自动调整为18000元-->最终放弃投标
借款编号4,当前循环用户为:try4,当前循环自动投标设置编号为:10,操作结果为:月标期限不符合,用户设置为6~12个月,当前借款期限为:1个月-->自动金额大于借款金额20%,自动调整为18000元-->最终放弃投标
借款编号4,当前循环用户为:try3,当前循环自动投标设置编号为:7,操作结果为:月标期限不符合,用户设置为3~6个月,当前借款期限为:1个月-->自动金额大于借款金额20%,自动调整为18000元-->最终放弃投标
借款编号4,当前循环用户为:try1,当前循环自动投标设置编号为:4,操作结果为:月标期限不符合,用户设置为3~6个月,当前借款期限为:1个月-->还款类型不符合,当前借款不是按月分期,但用户设置为只投按月分期-->自动金额大于借款金额20%,自动调整为18000元-->最终放弃投标
借款编号4,当前循环用户为:try2,当前循环自动投标设置编号为:2,操作结果为:月标期限不符合,用户设置为6~12个月,当前借款期限为:1个月-->还款类型不符合,当前借款不是按月分期,但用户设置为只投按月分期-->自动金额大于借款金额20%,自动调整为18000元-->最终放弃投标
借款编号4,当前循环用户为:try3,当前循环自动投标设置编号为:8,操作结果为:自动金额大于借款金额20%,自动调整为18000元-->进入实际投标环节
借款编号4,当前循环用户为:zhang,当前循环自动投标设置编号为:11,操作结果为:自动金额大于借款金额20%,自动调整为18000元-->当前自动金额大于用户设置的最大投标额,系统自动调整为:500元-->进入实际投标环节
借款编号4,当前循环用户为:zhang,当前循环自动投标设置编号为:12,操作结果为:当前投标用户已经有过投标动作-->自动金额大于借款金额20%,自动调整为18000元-->投标金额大于可用余额,自动调整为:2101.30元-->最终放弃投标
借款编号4,当前循环用户为:zhang,当前循环自动投标设置编号为:13,操作结果为:当前投标用户已经有过投标动作-->自动金额大于借款金额20%,自动调整为18000元-->投标金额大于可用余额,自动调整为:2101.30元-->最终放弃投标
借款编号5,当前循环用户为:try1,当前循环自动投标设置编号为:6,操作结果为:月标期限不符合,用户设置为1~3个月,当前借款期限为:12个月-->自动金额大于借款金额20%,自动调整为16000元-->最终放弃投标
借款编号5,当前循环用户为:try4,当前循环自动投标设置编号为:10,操作结果为:还款类型不符合,当前借款不是先息后本,但用户设置为只投先息后本-->自动金额大于借款金额20%,自动调整为16000元-->最终放弃投标
借款编号5,当前循环用户为:try3,当前循环自动投标设置编号为:7,操作结果为:月标期限不符合,用户设置为3~6个月,当前借款期限为:12个月-->还款类型不符合,当前借款不是先息后本,但用户设置为只投先息后本-->自动金额大于借款金额20%,自动调整为16000元-->最终放弃投标
借款编号5,当前循环用户为:try1,当前循环自动投标设置编号为:4,操作结果为:月标期限不符合,用户设置为3~6个月,当前借款期限为:12个月-->自动金额大于借款金额20%,自动调整为16000元-->最终放弃投标
借款编号5,当前循环用户为:try2,当前循环自动投标设置编号为:2,操作结果为:自动金额大于借款金额20%,自动调整为16000元-->进入实际投标环节
借款编号5,当前循环用户为:zhang,当前循环自动投标设置编号为:11,操作结果为:自动金额大于借款金额20%,自动调整为16000元-->当前自动金额大于用户设置的最大投标额,系统自动调整为:500元-->进入实际投标环节
借款编号5,当前循环用户为:try3,当前循环自动投标设置编号为:8,操作结果为:月标期限不符合,用户设置为1~3个月,当前借款期限为:12个月-->还款类型不符合,当前借款不是先息后本,但用户设置为只投先息后本-->自动金额大于借款金额20%,自动调整为16000元-->最终放弃投标
借款编号6,当前循环用户为:try1,当前循环自动投标设置编号为:6,操作结果为:月标期限不符合,用户设置为1~3个月,当前借款期限为:12个月-->自动金额大于借款金额20%,自动调整为14000元-->最终放弃投标
借款编号6,当前循环用户为:try4,当前循环自动投标设置编号为:10,操作结果为:还款类型不符合,当前借款不是先息后本,但用户设置为只投先息后本-->自动金额大于借款金额20%,自动调整为14000元-->最终放弃投标
借款编号6,当前循环用户为:try3,当前循环自动投标设置编号为:7,操作结果为:月标期限不符合,用户设置为3~6个月,当前借款期限为:12个月-->还款类型不符合,当前借款不是先息后本,但用户设置为只投先息后本-->自动金额大于借款金额20%,自动调整为14000元-->最终放弃投标
借款编号6,当前循环用户为:try1,当前循环自动投标设置编号为:4,操作结果为:月标期限不符合,用户设置为3~6个月,当前借款期限为:12个月-->自动金额大于借款金额20%,自动调整为14000元-->最终放弃投标
借款编号6,当前循环用户为:try3,当前循环自动投标设置编号为:8,操作结果为:月标期限不符合,用户设置为1~3个月,当前借款期限为:12个月-->还款类型不符合,当前借款不是先息后本,但用户设置为只投先息后本-->自动金额大于借款金额20%,自动调整为14000元-->最终放弃投标
借款编号6,当前循环用户为:try2,当前循环自动投标设置编号为:2,操作结果为:自动金额大于借款金额20%,自动调整为14000元-->进入实际投标环节
借款编号6,当前循环用户为:zhang,当前循环自动投标设置编号为:11,操作结果为:自动金额大于借款金额20%,自动调整为14000元-->当前自动金额大于用户设置的最大投标额,系统自动调整为:500元-->进入实际投标环节
借款编号1,当前循环用户为:hsd001,当前循环自动投标设置编号为:1,操作结果为:自动金额大于借款金额20%,自动调整为70000元-->进入实际投标环节
借款编号1,当前循环用户为:金色的风,当前循环自动投标设置编号为:2,操作结果为:自动金额大于借款金额20%,自动调整为70000元-->进入实际投标环节
借款编号1,当前循环用户为:cbok,当前循环自动投标设置编号为:3,操作结果为:自动金额大于借款金额20%,自动调整为70000元-->进入实际投标环节
借款编号1,当前循环用户为:baizi111,当前循环自动投标设置编号为:4,操作结果为:自动金额大于借款金额20%,自动调整为70000元-->进入实际投标环节
借款编号1,当前循环用户为:liuxiaolin77,当前循环自动投标设置编号为:5,操作结果为:自动金额:70000-->投标金额大于可用余额,自动调整为:0.00元-->进入实际投标环节
借款编号1,当前循环用户为:snake1980,当前循环自动投标设置编号为:6,操作结果为:自动金额:70000-->投标金额大于可用余额,自动调整为:0.00元-->进入实际投标环节
借款编号1,当前循环用户为:hsrm,当前循环自动投标设置编号为:7,操作结果为:自动金额:70000-->进入实际投标环节
借款编号1,当前循环用户为:zdmei521,当前循环自动投标设置编号为:8,操作结果为:标已满-->借款编号2,当前循环用户为:keer0823,当前循环自动投标设置编号为:9,操作结果为:自动金额大于借款金额20%,自动调整为32000元-->投标金额大于可用余额,自动调整为:20000.00元-->进入实际投标环节
借款编号2,当前循环用户为:whale,当前循环自动投标设置编号为:10,操作结果为:自动金额大于借款金额20%,自动调整为32000元-->进入实际投标环节
借款编号2,当前循环用户为:harry_lgy,当前循环自动投标设置编号为:11,操作结果为:自动金额大于借款金额20%,自动调整为32000元-->当前自动金额大于用户设置的最大投标额,系统自动调整为:10000元-->投标金额大于可用余额,自动调整为:5000.00元-->进入实际投标环节
借款编号2,当前循环用户为:guangtouqiang,当前循环自动投标设置编号为:12,操作结果为:自动金额大于借款金额20%,自动调整为32000元-->投标金额大于可用余额,自动调整为:20000.00元-->进入实际投标环节
借款编号2,当前循环用户为:hsd001,当前循环自动投标设置编号为:1,操作结果为:自动金额大于借款金额20%,自动调整为32000元-->投标金额大于可用余额,自动调整为:0.00元-->投标金额为0,跳过-->最终放弃投标
借款编号2,当前循环用户为:金色的风,当前循环自动投标设置编号为:2,操作结果为:自动金额大于借款金额20%,自动调整为32000元-->投标金额大于可用余额,自动调整为:30000.00元-->进入实际投标环节
借款编号2,当前循环用户为:cbok,当前循环自动投标设置编号为:3,操作结果为:自动金额大于借款金额20%,自动调整为32000元-->投标金额大于可用余额,自动调整为:315.00元-->进入实际投标环节
借款编号2,当前循环用户为:baizi111,当前循环自动投标设置编号为:4,操作结果为:自动金额大于借款金额20%,自动调整为32000元-->进入实际投标环节
借款编号2,当前循环用户为:liuxiaolin77,当前循环自动投标设置编号为:5,操作结果为:自动金额:20700-->投标金额大于可用余额,自动调整为:0.00元-->投标金额为0,跳过-->最终放弃投标
借款编号2,当前循环用户为:snake1980,当前循环自动投标设置编号为:6,操作结果为:自动金额:20700-->投标金额大于可用余额,自动调整为:0.00元-->投标金额为0,跳过-->最终放弃投标
借款编号2,当前循环用户为:hsrm,当前循环自动投标设置编号为:7,操作结果为:自动金额:20700-->投标金额大于可用余额,自动调整为:315.00元-->进入实际投标环节
借款编号2,当前循环用户为:银色的凤,当前循环自动投标设置编号为:13,操作结果为:自动金额:20400-->投标金额大于可用余额,自动调整为:0.00元-->投标金额为0,跳过-->最终放弃投标
借款编号2,当前循环用户为:ljwll,当前循环自动投标设置编号为:15,操作结果为:自动金额:20400-->当前自动金额大于用户设置的最大投标额,系统自动调整为:5000元-->进入实际投标环节
借款编号2,当前循环用户为:zdmei521,当前循环自动投标设置编号为:8,操作结果为:自动金额:15400-->当前自动金额大于用户设置的最大投标额,系统自动调整为:500元-->进入实际投标环节
借款编号2,当前循环用户为:yqlchtt,当前循环自动投标设置编号为:14,操作结果为:自动金额:14900-->当前剩余投标金额:14900元,小于用户设置的最低投标额50000元-->投标金额大于可用余额,自动调整为:0.00元-->投标金额为0,跳过-->最终放弃投标
借款编号3,当前循环用户为:hsd001,当前循环自动投标设置编号为:1,操作结果为:自动金额大于借款金额20%,自动调整为36000元-->投标金额大于可用余额,自动调整为:0.00元-->投标金额为0,跳过-->最终放弃投标
借款编号3,当前循环用户为:liuxiaolin77,当前循环自动投标设置编号为:5,操作结果为:自动金额大于借款金额20%,自动调整为36000元-->投标金额大于可用余额,自动调整为:0.00元-->投标金额为0,跳过-->最终放弃投标
借款编号3,当前循环用户为:snake1980,当前循环自动投标设置编号为:6,操作结果为:自动金额大于借款金额20%,自动调整为36000元-->投标金额大于可用余额,自动调整为:0.00元-->投标金额为0,跳过-->最终放弃投标
借款编号3,当前循环用户为:银色的凤,当前循环自动投标设置编号为:13,操作结果为:自动金额大于借款金额20%,自动调整为36000元-->投标金额大于可用余额,自动调整为:0.00元-->投标金额为0,跳过-->最终放弃投标
借款编号3,当前循环用户为:yqlchtt,当前循环自动投标设置编号为:14,操作结果为:自动金额大于借款金额20%,自动调整为36000元-->当前剩余投标金额:36000元,小于用户设置的最低投标额50000元-->投标金额大于可用余额,自动调整为:0.00元-->投标金额为0,跳过-->最终放弃投标
借款编号3,当前循环用户为:keer0823,当前循环自动投标设置编号为:9,操作结果为:自动金额大于借款金额20%,自动调整为36000元-->投标金额大于可用余额,自动调整为:90.00元-->投标金额为0,跳过-->最终放弃投标
借款编号3,当前循环用户为:whale,当前循环自动投标设置编号为:10,操作结果为:自动金额大于借款金额20%,自动调整为36000元-->进入实际投标环节
借款编号3,当前循环用户为:harry_lgy,当前循环自动投标设置编号为:11,操作结果为:自动金额大于借款金额20%,自动调整为36000元-->当前自动金额大于用户设置的最大投标额,系统自动调整为:10000元-->投标金额大于可用余额,自动调整为:22.50元-->进入实际投标环节
借款编号3,当前循环用户为:guangtouqiang,当前循环自动投标设置编号为:12,操作结果为:自动金额大于借款金额20%,自动调整为36000元-->投标金额大于可用余额,自动调整为:20090.00元-->进入实际投标环节
借款编号3,当前循环用户为:金色的风,当前循环自动投标设置编号为:2,操作结果为:自动金额大于借款金额20%,自动调整为36000元-->投标金额大于可用余额,自动调整为:0.00元-->投标金额为0,跳过-->最终放弃投标
借款编号3,当前循环用户为:cbok,当前循环自动投标设置编号为:3,操作结果为:自动金额大于借款金额20%,自动调整为36000元-->投标金额大于可用余额,自动调整为:16.35元-->进入实际投标环节
借款编号3,当前循环用户为:hsrm,当前循环自动投标设置编号为:7,操作结果为:自动金额大于借款金额20%,自动调整为36000元-->进入实际投标环节
借款编号3,当前循环用户为:ljwll,当前循环自动投标设置编号为:15,操作结果为:自动金额大于借款金额20%,自动调整为36000元-->当前自动金额大于用户设置的最大投标额,系统自动调整为:5000元-->投标金额大于可用余额,自动调整为:22.50元-->进入实际投标环节
借款编号3,当前循环用户为:zdmei521,当前循环自动投标设置编号为:8,操作结果为:自动金额大于借款金额20%,自动调整为36000元-->当前自动金额大于用户设置的最大投标额,系统自动调整为:500元-->投标金额大于可用余额,自动调整为:2.25元-->进入实际投标环节
借款编号3,当前循环用户为:baizi111,当前循环自动投标设置编号为:4,操作结果为:自动金额大于借款金额20%,自动调整为36000元-->投标金额大于可用余额,自动调整为:196.35元-->进入实际投标环节
借款编号3,当前循环用户为:chen,当前循环自动投标设置编号为:16,操作结果为:自动金额大于借款金额20%,自动调整为36000元-->进入实际投标环节
借款编号4,当前循环用户为:hsd001,当前循环自动投标设置编号为:1,操作结果为:自动金额大于借款金额20%,自动调整为23000元-->投标金额大于可用余额,自动调整为:0.00元-->投标金额为0,跳过-->最终放弃投标
借款编号4,当前循环用户为:银色的凤,当前循环自动投标设置编号为:13,操作结果为:自动金额大于借款金额20%,自动调整为23000元-->投标金额大于可用余额,自动调整为:0.00元-->投标金额为0,跳过-->最终放弃投标
借款编号4,当前循环用户为:yqlchtt,当前循环自动投标设置编号为:14,操作结果为:自动金额大于借款金额20%,自动调整为23000元-->当前剩余投标金额:23000元,小于用户设置的最低投标额50000元-->投标金额大于可用余额,自动调整为:0.00元-->投标金额为0,跳过-->最终放弃投标
借款编号4,当前循环用户为:金色的风,当前循环自动投标设置编号为:2,操作结果为:自动金额大于借款金额20%,自动调整为23000元-->进入实际投标环节
借款编号4,当前循环用户为:whale,当前循环自动投标设置编号为:10,操作结果为:自动金额大于借款金额20%,自动调整为23000元-->进入实际投标环节
借款编号4,当前循环用户为:harry_lgy,当前循环自动投标设置编号为:11,操作结果为:自动金额大于借款金额20%,自动调整为23000元-->当前自动金额大于用户设置的最大投标额,系统自动调整为:10000元-->投标金额大于可用余额,自动调整为:9022.00元-->进入实际投标环节
借款编号4,当前循环用户为:cbok,当前循环自动投标设置编号为:3,操作结果为:自动金额大于借款金额20%,自动调整为23000元-->投标金额大于可用余额,自动调整为:16.00元-->投标金额为0,跳过-->最终放弃投标
借款编号4,当前循环用户为:hsrm,当前循环自动投标设置编号为:7,操作结果为:自动金额大于借款金额20%,自动调整为23000元-->投标金额大于可用余额,自动调整为:178.35元-->进入实际投标环节
借款编号4,当前循环用户为:ljwll,当前循环自动投标设置编号为:15,操作结果为:自动金额大于借款金额20%,自动调整为23000元-->当前自动金额大于用户设置的最大投标额,系统自动调整为:5000元-->投标金额大于可用余额,自动调整为:22.00元-->投标金额为0,跳过-->最终放弃投标
借款编号4,当前循环用户为:chen,当前循环自动投标设置编号为:16,操作结果为:自动金额大于借款金额20%,自动调整为23000元-->进入实际投标环节
借款编号4,当前循环用户为:baizi111,当前循环自动投标设置编号为:4,操作结果为:自动金额大于借款金额20%,自动调整为23000元-->进入实际投标环节
借款编号4,当前循环用户为:liuxiaolin77,当前循环自动投标设置编号为:5,操作结果为:自动金额:13900-->投标金额大于可用余额,自动调整为:10000.00元-->进入实际投标环节
借款编号4,当前循环用户为:hbcmmm,当前循环自动投标设置编号为:19,操作结果为:自动金额:3900-->进入实际投标环节
借款编号4,当前循环用户为:snake1980,当前循环自动投标设置编号为:6,操作结果为:标已满-->借款编号5,当前循环用户为:hsd001,当前循环自动投标设置编号为:1,操作结果为:用户可用资金少于系统设置的最低自动投标准入金额-->自动金额大于借款金额20%,自动调整为88000元-->投标金额大于可用余额,自动调整为:0.00元-->最终自动投标金额小于系统设定最低自动金额:100,跳过-->投标金额为0,跳过-->最终放弃投标
借款编号5,当前循环用户为:银色的凤,当前循环自动投标设置编号为:13,操作结果为:用户可用资金少于系统设置的最低自动投标准入金额-->自动金额大于借款金额20%,自动调整为88000元-->投标金额大于可用余额,自动调整为:0.00元-->最终自动投标金额小于系统设定最低自动金额:100,跳过-->投标金额为0,跳过-->最终放弃投标
借款编号5,当前循环用户为:yqlchtt,当前循环自动投标设置编号为:14,操作结果为:用户可用资金少于系统设置的最低自动投标准入金额-->自动金额大于借款金额20%,自动调整为88000元-->投标金额大于可用余额,自动调整为:0.00元-->最终自动投标金额小于系统设定最低自动金额:100,跳过-->投标金额为0,跳过-->最终放弃投标
借款编号5,当前循环用户为:cbok,当前循环自动投标设置编号为:3,操作结果为:用户可用资金少于系统设置的最低自动投标准入金额-->自动金额大于借款金额20%,自动调整为88000元-->投标金额大于可用余额,自动调整为:16.00元-->最终自动投标金额小于系统设定最低自动金额:100,跳过-->投标金额为0,跳过-->最终放弃投标
借款编号5,当前循环用户为:ljwll,当前循环自动投标设置编号为:15,操作结果为:用户可用资金少于系统设置的最低自动投标准入金额-->自动金额大于借款金额20%,自动调整为88000元-->当前自动金额大于用户设置的最大投标额,系统自动调整为:5000元-->投标金额大于可用余额,自动调整为:22.00元-->最终自动投标金额小于系统设定最低自动金额:100,跳过-->投标金额为0,跳过-->最终放弃投标
借款编号5,当前循环用户为:snake1980,当前循环自动投标设置编号为:6,操作结果为:用户可用资金少于系统设置的最低自动投标准入金额-->自动金额大于借款金额20%,自动调整为88000元-->当前自动金额大于用户设置的最大投标额,系统自动调整为:7000元-->投标金额大于可用余额,自动调整为:0.00元-->最终自动投标金额小于系统设定最低自动金额:100,跳过-->投标金额为0,跳过-->最终放弃投标
借款编号5,当前循环用户为:singke1999,当前循环自动投标设置编号为:20,操作结果为:自动金额大于借款金额20%,自动调整为88000元-->当前自动金额大于用户设置的最大投标额,系统自动调整为:50000元-->投标金额大于可用余额,自动调整为:4959.00元-->进入实际投标环节
借款编号5,当前循环用户为:xiaozhu,当前循环自动投标设置编号为:18,操作结果为:自动金额大于借款金额20%,自动调整为88000元-->当前自动金额大于用户设置的最大投标额,系统自动调整为:300元-->进入实际投标环节
借款编号5,当前循环用户为:chengenxiang,当前循环自动投标设置编号为:21,操作结果为:自动金额大于借款金额20%,自动调整为88000元-->进入实际投标环节
借款编号5,当前循环用户为:hscfu5,当前循环自动投标设置编号为:22,操作结果为:用户可用资金少于系统设置的最低自动投标准入金额-->自动金额大于借款金额20%,自动调整为88000元-->投标金额大于可用余额,自动调整为:0.00元-->最终自动投标金额小于系统设定最低自动金额:100,跳过-->投标金额为0,跳过-->最终放弃投标
借款编号5,当前循环用户为:jiangxiaolin,当前循环自动投标设置编号为:23,操作结果为:自动金额大于借款金额20%,自动调整为88000元-->进入实际投标环节
借款编号5,当前循环用户为:baizi,当前循环自动投标设置编号为:24,操作结果为:用户可用资金少于系统设置的最低自动投标准入金额-->自动金额大于借款金额20%,自动调整为88000元-->当前自动金额大于用户设置的最大投标额,系统自动调整为:40000元-->投标金额大于可用余额,自动调整为:0.00元-->最终自动投标金额小于系统设定最低自动金额:100,跳过-->投标金额为0,跳过-->最终放弃投标
借款编号5,当前循环用户为:xuyun,当前循环自动投标设置编号为:25,操作结果为:自动金额大于借款金额20%,自动调整为88000元-->当前自动金额大于用户设置的最大投标额,系统自动调整为:20000元-->进入实际投标环节
借款编号5,当前循环用户为:xiaocaimi,当前循环自动投标设置编号为:26,操作结果为:自动金额大于借款金额20%,自动调整为88000元-->投标金额大于可用余额,自动调整为:25000.00元-->进入实际投标环节
借款编号5,当前循环用户为:mrtian,当前循环自动投标设置编号为:27,操作结果为:自动金额大于借款金额20%,自动调整为88000元-->当前自动金额大于用户设置的最大投标额,系统自动调整为:5000元-->进入实际投标环节
借款编号5,当前循环用户为:zdmei521,当前循环自动投标设置编号为:8,操作结果为:自动金额大于借款金额20%,自动调整为88000元-->当前自动金额大于用户设置的最大投标额,系统自动调整为:12000元-->投标金额大于可用余额,自动调整为:11502.00元-->进入实际投标环节
借款编号5,当前循环用户为:ding5280,当前循环自动投标设置编号为:28,操作结果为:自动金额大于借款金额20%,自动调整为88000元-->当前自动金额大于用户设置的最大投标额,系统自动调整为:22000元-->投标金额大于可用余额,自动调整为:20000.00元-->进入实际投标环节
借款编号5,当前循环用户为:nbulgj,当前循环自动投标设置编号为:17,操作结果为:用户可用资金少于系统设置的最低自动投标准入金额-->自动金额大于借款金额20%,自动调整为88000元-->投标金额大于可用余额,自动调整为:0.00元-->最终自动投标金额小于系统设定最低自动金额:100,跳过-->投标金额为0,跳过-->最终放弃投标
借款编号5,当前循环用户为:guangtouqiang,当前循环自动投标设置编号为:12,操作结果为:自动金额大于借款金额20%,自动调整为88000元-->投标金额大于可用余额,自动调整为:20180.00元-->进入实际投标环节
借款编号5,当前循环用户为:keer0823,当前循环自动投标设置编号为:9,操作结果为:自动金额大于借款金额20%,自动调整为88000元-->投标金额大于可用余额,自动调整为:110.00元-->进入实际投标环节
借款编号5,当前循环用户为:nbuwyy,当前循环自动投标设置编号为:29,操作结果为:用户可用资金少于系统设置的最低自动投标准入金额-->自动金额大于借款金额20%,自动调整为88000元-->投标金额大于可用余额,自动调整为:0.00元-->最终自动投标金额小于系统设定最低自动金额:100,跳过-->投标金额为0,跳过-->最终放弃投标
借款编号5,当前循环用户为:zyf1102003,当前循环自动投标设置编号为:30,操作结果为:用户可用资金少于系统设置的最低自动投标准入金额-->自动金额大于借款金额20%,自动调整为88000元-->当前自动金额大于用户设置的最大投标额,系统自动调整为:10000元-->投标金额大于可用余额,自动调整为:0.00元-->最终自动投标金额小于系统设定最低自动金额:100,跳过-->投标金额为0,跳过-->最终放弃投标
借款编号5,当前循环用户为:金色的风,当前循环自动投标设置编号为:2,操作结果为:自动金额大于借款金额20%,自动调整为88000元-->投标金额大于可用余额,自动调整为:31787.04元-->进入实际投标环节
借款编号5,当前循环用户为:whale,当前循环自动投标设置编号为:10,操作结果为:自动金额大于借款金额20%,自动调整为88000元-->进入实际投标环节
借款编号5,当前循环用户为:harry_lgy,当前循环自动投标设置编号为:11,操作结果为:用户可用资金少于系统设置的最低自动投标准入金额-->自动金额:37400-->当前自动金额大于用户设置的最大投标额,系统自动调整为:10000元-->投标金额大于可用余额,自动调整为:62.50元-->最终自动投标金额小于系统设定最低自动金额:100,跳过-->投标金额为0,跳过-->最终放弃投标
借款编号5,当前循环用户为:hsrm,当前循环自动投标设置编号为:7,操作结果为:用户可用资金少于系统设置的最低自动投标准入金额-->自动金额:37400-->投标金额大于可用余额,自动调整为:78.80元-->最终自动投标金额小于系统设定最低自动金额:100,跳过-->投标金额为0,跳过-->最终放弃投标
借款编号5,当前循环用户为:chen,当前循环自动投标设置编号为:16,操作结果为:自动金额:37400-->进入实际投标环节
借款编号5,当前循环用户为:liuxiaolin77,当前循环自动投标设置编号为:5,操作结果为:用户可用资金少于系统设置的最低自动投标准入金额-->标已满-->借款编号6,当前循环用户为:hsd001,当前循环自动投标设置编号为:1,操作结果为:月标期限不符合,用户设置为1~1个月,当前借款期限为:12个月-->自动金额大于借款金额20%,自动调整为63000元-->投标金额大于可用余额,自动调整为:0.00元-->投标金额为0,跳过-->最终放弃投标
借款编号6,当前循环用户为:银色的凤,当前循环自动投标设置编号为:13,操作结果为:自动金额大于借款金额20%,自动调整为63000元-->用户其他设置条件满足,但是可用资金小于100,重排
借款编号6,当前循环用户为:yqlchtt,当前循环自动投标设置编号为:14,操作结果为:自动金额大于借款金额20%,自动调整为63000元-->用户其他设置条件满足,但是可用资金小于100,重排
借款编号6,当前循环用户为:cbok,当前循环自动投标设置编号为:3,操作结果为:月标期限不符合,用户设置为1~3个月,当前借款期限为:12个月-->自动金额大于借款金额20%,自动调整为63000元-->投标金额大于可用余额,自动调整为:20016.00元-->最终放弃投标
借款编号6,当前循环用户为:ljwll,当前循环自动投标设置编号为:15,操作结果为:自动金额大于借款金额20%,自动调整为63000元-->当前自动金额大于用户设置的最大投标额,系统自动调整为:5000元-->用户其他设置条件满足,但是可用资金小于100,重排
借款编号6,当前循环用户为:snake1980,当前循环自动投标设置编号为:6,操作结果为:自动金额大于借款金额20%,自动调整为63000元-->当前自动金额大于用户设置的最大投标额,系统自动调整为:7000元-->用户其他设置条件满足,但是可用资金小于100,重排
借款编号6,当前循环用户为:hscfu5,当前循环自动投标设置编号为:22,操作结果为:自动金额大于借款金额20%,自动调整为63000元-->用户其他设置条件满足,但是可用资金小于100,重排
借款编号6,当前循环用户为:baizi,当前循环自动投标设置编号为:24,操作结果为:自动金额大于借款金额20%,自动调整为63000元-->当前自动金额大于用户设置的最大投标额,系统自动调整为:40000元-->用户其他设置条件满足,但是可用资金小于100,重排
借款编号6,当前循环用户为:nbulgj,当前循环自动投标设置编号为:17,操作结果为:月标期限不符合,用户设置为1~3个月,当前借款期限为:12个月-->自动金额大于借款金额20%,自动调整为63000元-->投标金额大于可用余额,自动调整为:0.00元-->投标金额为0,跳过-->最终放弃投标
借款编号6,当前循环用户为:nbuwyy,当前循环自动投标设置编号为:29,操作结果为:月标期限不符合,用户设置为1~3个月,当前借款期限为:12个月-->自动金额大于借款金额20%,自动调整为63000元-->投标金额大于可用余额,自动调整为:0.00元-->投标金额为0,跳过-->最终放弃投标
借款编号6,当前循环用户为:zyf1102003,当前循环自动投标设置编号为:30,操作结果为:月标期限不符合,用户设置为1~1个月,当前借款期限为:12个月-->自动金额大于借款金额20%,自动调整为63000元-->当前自动金额大于用户设置的最大投标额,系统自动调整为:10000元-->投标金额大于可用余额,自动调整为:0.00元-->投标金额为0,跳过-->最终放弃投标
借款编号6,当前循环用户为:harry_lgy,当前循环自动投标设置编号为:11,操作结果为:月标期限不符合,用户设置为1~1个月,当前借款期限为:12个月-->还款类型不符合,当前借款不是先息后本,但用户设置为只投先息后本-->自动金额大于借款金额20%,自动调整为63000元-->当前自动金额大于用户设置的最大投标额,系统自动调整为:10000元-->投标金额大于可用余额,自动调整为:62.50元-->投标金额为0,跳过-->最终放弃投标
借款编号6,当前循环用户为:hsrm,当前循环自动投标设置编号为:7,操作结果为:自动金额大于借款金额20%,自动调整为63000元-->用户其他设置条件满足,但是可用资金小于100,重排
借款编号6,当前循环用户为:liuxiaolin77,当前循环自动投标设置编号为:5,操作结果为:自动金额大于借款金额20%,自动调整为63000元-->用户其他设置条件满足,但是可用资金小于100,重排
借款编号6,当前循环用户为:hbcmmm,当前循环自动投标设置编号为:19,操作结果为:月标期限不符合,用户设置为1~5个月,当前借款期限为:12个月-->自动金额大于借款金额20%,自动调整为63000元-->最终放弃投标
借款编号6,当前循环用户为:hscfu6,当前循环自动投标设置编号为:31,操作结果为:月标期限不符合,用户设置为1~3个月,当前借款期限为:12个月-->自动金额大于借款金额20%,自动调整为63000元-->投标金额大于可用余额,自动调整为:0.00元-->投标金额为0,跳过-->最终放弃投标
借款编号6,当前循环用户为:baizi111,当前循环自动投标设置编号为:4,操作结果为:自动金额大于借款金额20%,自动调整为63000元-->投标金额大于可用余额,自动调整为:37699.95元-->进入实际投标环节
借款编号6,当前循环用户为:xiaozhu,当前循环自动投标设置编号为:18,操作结果为:自动金额大于借款金额20%,自动调整为63000元-->当前自动金额大于用户设置的最大投标额,系统自动调整为:300元-->进入实际投标环节
借款编号6,当前循环用户为:xiaocaimi,当前循环自动投标设置编号为:26,操作结果为:自动金额大于借款金额20%,自动调整为63000元-->投标金额大于可用余额,自动调整为:112.50元-->进入实际投标环节
借款编号6,当前循环用户为:ding5280,当前循环自动投标设置编号为:28,操作结果为:月标期限不符合,用户设置为1~3个月,当前借款期限为:12个月-->自动金额大于借款金额20%,自动调整为63000元-->当前自动金额大于用户设置的最大投标额,系统自动调整为:22000元-->投标金额大于可用余额,自动调整为:20090.00元-->最终放弃投标
借款编号6,当前循环用户为:guangtouqiang,当前循环自动投标设置编号为:12,操作结果为:月标期限不符合,用户设置为1~3个月,当前借款期限为:12个月-->自动金额大于借款金额20%,自动调整为63000元-->投标金额大于可用余额,自动调整为:0.45元-->投标金额为0,跳过-->最终放弃投标
借款编号6,当前循环用户为:keer0823,当前循环自动投标设置编号为:9,操作结果为:月标期限不符合,用户设置为1~1个月,当前借款期限为:12个月-->自动金额大于借款金额20%,自动调整为63000元-->投标金额大于可用余额,自动调整为:10.45元-->投标金额为0,跳过-->最终放弃投标
借款编号6,当前循环用户为:jiangxiaolin,当前循环自动投标设置编号为:23,操作结果为:自动金额大于借款金额20%,自动调整为63000元-->进入实际投标环节
借款编号6,当前循环用户为:xuyun,当前循环自动投标设置编号为:25,操作结果为:自动金额大于借款金额20%,自动调整为63000元-->用户其他设置条件满足,但是可用资金小于100,重排
借款编号6,当前循环用户为:singke1999,当前循环自动投标设置编号为:20,操作结果为:月标期限不符合,用户设置为1~2个月,当前借款期限为:12个月-->自动金额大于借款金额20%,自动调整为63000元-->当前自动金额大于用户设置的最大投标额,系统自动调整为:50000元-->投标金额大于可用余额,自动调整为:5000.05元-->最终放弃投标
借款编号6,当前循环用户为:mrtian,当前循环自动投标设置编号为:27,操作结果为:月标期限不符合,用户设置为1~1个月,当前借款期限为:12个月-->自动金额大于借款金额20%,自动调整为63000元-->当前自动金额大于用户设置的最大投标额,系统自动调整为:50000元-->投标金额大于可用余额,自动调整为:25022.50元-->最终放弃投标
借款编号6,当前循环用户为:金色的风,当前循环自动投标设置编号为:2,操作结果为:月标期限不符合,用户设置为1~3个月,当前借款期限为:12个月-->自动金额大于借款金额20%,自动调整为63000元-->投标金额大于可用余额,自动调整为:61829.69元-->最终放弃投标
借款编号6,当前循环用户为:zdmei521,当前循环自动投标设置编号为:8,操作结果为:月标期限不符合,用户设置为1~3个月,当前借款期限为:12个月-->自动金额大于借款金额20%,自动调整为63000元-->当前自动金额大于用户设置的最大投标额,系统自动调整为:10000元-->投标金额大于可用余额,自动调整为:1053.75元-->最终放弃投标
借款编号6,当前循环用户为:scarlett,当前循环自动投标设置编号为:33,操作结果为:月标期限不符合,用户设置为1~6个月,当前借款期限为:12个月-->自动金额大于借款金额20%,自动调整为63000元-->投标金额大于可用余额,自动调整为:10000.00元-->最终放弃投标
借款编号6,当前循环用户为:稳健投资,当前循环自动投标设置编号为:34,操作结果为:自动金额大于借款金额20%,自动调整为63000元-->用户其他设置条件满足,但是可用资金小于100,重排
借款编号6,当前循环用户为:zxt0611,当前循环自动投标设置编号为:35,操作结果为:月标期限不符合,用户设置为1~1个月,当前借款期限为:12个月-->自动金额大于借款金额20%,自动调整为63000元-->投标金额大于可用余额,自动调整为:50000.00元-->最终放弃投标
借款编号6,当前循环用户为:qinxinjuan,当前循环自动投标设置编号为:32,操作结果为:月标期限不符合,用户设置为1~6个月,当前借款期限为:12个月-->自动金额大于借款金额20%,自动调整为63000元-->最终放弃投标
借款编号6,当前循环用户为:chengenxiang,当前循环自动投标设置编号为:21,操作结果为:月标期限不符合,用户设置为1~3个月,当前借款期限为:12个月-->自动金额大于借款金额20%,自动调整为63000元-->最终放弃投标
借款编号6,当前循环用户为:chen,当前循环自动投标设置编号为:16,操作结果为:月标期限不符合,用户设置为1~3个月,当前借款期限为:12个月-->自动金额大于借款金额20%,自动调整为63000元-->投标金额大于可用余额,自动调整为:54033.80元-->最终放弃投标
借款编号6,当前循环用户为:whale,当前循环自动投标设置编号为:10,操作结果为:月标期限不符合,用户设置为1~3个月,当前借款期限为:12个月-->自动金额大于借款金额20%,自动调整为63000元-->投标金额大于可用余额,自动调整为:7836.50元-->最终放弃投标
借款编号7,当前循环用户为:hsd001,当前循环自动投标设置编号为:1,操作结果为:自动金额大于借款金额20%,自动调整为20000元-->用户其他设置条件满足,但是可用资金小于100,重排
借款编号7,当前循环用户为:cbok,当前循环自动投标设置编号为:3,操作结果为:自动金额大于借款金额20%,自动调整为20000元-->进入实际投标环节
借款编号7,当前循环用户为:nbulgj,当前循环自动投标设置编号为:17,操作结果为:自动金额大于借款金额20%,自动调整为20000元-->用户其他设置条件满足,但是可用资金小于100,重排
借款编号7,当前循环用户为:nbuwyy,当前循环自动投标设置编号为:29,操作结果为:自动金额大于借款金额20%,自动调整为20000元-->用户其他设置条件满足,但是可用资金小于100,重排
借款编号7,当前循环用户为:zyf1102003,当前循环自动投标设置编号为:30,操作结果为:自动金额大于借款金额20%,自动调整为20000元-->当前自动金额大于用户设置的最大投标额,系统自动调整为:10000元-->用户其他设置条件满足,但是可用资金小于100,重排
借款编号7,当前循环用户为:harry_lgy,当前循环自动投标设置编号为:11,操作结果为:自动金额大于借款金额20%,自动调整为20000元-->当前自动金额大于用户设置的最大投标额,系统自动调整为:10000元-->用户其他设置条件满足,但是可用资金小于100,重排
借款编号7,当前循环用户为:hbcmmm,当前循环自动投标设置编号为:19,操作结果为:自动金额大于借款金额20%,自动调整为20000元-->进入实际投标环节
借款编号7,当前循环用户为:hscfu6,当前循环自动投标设置编号为:31,操作结果为:自动金额大于借款金额20%,自动调整为20000元-->用户其他设置条件满足,但是可用资金小于100,重排
借款编号7,当前循环用户为:ding5280,当前循环自动投标设置编号为:28,操作结果为:自动金额大于借款金额20%,自动调整为20000元-->进入实际投标环节
借款编号7,当前循环用户为:guangtouqiang,当前循环自动投标设置编号为:12,操作结果为:自动金额大于借款金额20%,自动调整为20000元-->进入实际投标环节
借款编号7,当前循环用户为:keer0823,当前循环自动投标设置编号为:9,操作结果为:自动金额:20000-->用户其他设置条件满足,但是可用资金小于100,重排
借款编号7,当前循环用户为:singke1999,当前循环自动投标设置编号为:20,操作结果为:自动金额:20000-->投标金额大于可用余额,自动调整为:5000.05元-->进入实际投标环节
借款编号7,当前循环用户为:mrtian,当前循环自动投标设置编号为:27,操作结果为:自动金额:15000-->进入实际投标环节
借款编号7,当前循环用户为:金色的风,当前循环自动投标设置编号为:2,操作结果为:标已满-->借款编号8,当前循环用户为:金色的风,当前循环自动投标设置编号为:2,操作结果为:自动金额大于借款金额20%,自动调整为40000元-->进入实际投标环节
借款编号8,当前循环用户为:zdmei521,当前循环自动投标设置编号为:8,操作结果为:自动金额大于借款金额20%,自动调整为40000元-->当前自动金额大于用户设置的最大投标额,系统自动调整为:10000元-->投标金额大于可用余额,自动调整为:4053.75元-->进入实际投标环节
借款编号8,当前循环用户为:scarlett,当前循环自动投标设置编号为:33,操作结果为:自动金额大于借款金额20%,自动调整为40000元-->投标金额大于可用余额,自动调整为:10000.00元-->进入实际投标环节
借款编号8,当前循环用户为:zxt0611,当前循环自动投标设置编号为:35,操作结果为:自动金额大于借款金额20%,自动调整为40000元-->进入实际投标环节
借款编号8,当前循环用户为:qinxinjuan,当前循环自动投标设置编号为:32,操作结果为:自动金额大于借款金额20%,自动调整为40000元-->进入实际投标环节
借款编号8,当前循环用户为:chengenxiang,当前循环自动投标设置编号为:21,操作结果为:自动金额大于借款金额20%,自动调整为40000元-->进入实际投标环节
借款编号8,当前循环用户为:chen,当前循环自动投标设置编号为:16,操作结果为:自动金额:26000-->进入实际投标环节
借款编号8,当前循环用户为:whale,当前循环自动投标设置编号为:10,操作结果为:标已满-->借款编号9,当前循环用户为:whale,当前循环自动投标设置编号为:10,操作结果为:自动金额大于借款金额20%,自动调整为20000元-->进入实际投标环节
借款编号9,当前循环用户为:银色的凤,当前循环自动投标设置编号为:13,操作结果为:自动金额大于借款金额20%,自动调整为20000元-->用户其他设置条件满足,但是可用资金小于100,重排
借款编号9,当前循环用户为:yqlchtt,当前循环自动投标设置编号为:14,操作结果为:自动金额大于借款金额20%,自动调整为20000元-->当前剩余投标金额:20000元,小于用户设置的最低投标额50000元-->用户其他设置条件满足,但是可用资金小于最低投标金额,重排
借款编号9,当前循环用户为:ljwll,当前循环自动投标设置编号为:15,操作结果为:自动金额大于借款金额20%,自动调整为20000元-->当前自动金额大于用户设置的最大投标额,系统自动调整为:5000元-->用户其他设置条件满足,但是可用资金小于100,重排
借款编号9,当前循环用户为:snake1980,当前循环自动投标设置编号为:6,操作结果为:自动金额大于借款金额20%,自动调整为20000元-->当前自动金额大于用户设置的最大投标额,系统自动调整为:7000元-->用户其他设置条件满足,但是可用资金小于100,重排
借款编号9,当前循环用户为:hscfu5,当前循环自动投标设置编号为:22,操作结果为:自动金额大于借款金额20%,自动调整为20000元-->用户其他设置条件满足,但是可用资金小于100,重排
借款编号9,当前循环用户为:baizi,当前循环自动投标设置编号为:24,操作结果为:自动金额大于借款金额20%,自动调整为20000元-->用户其他设置条件满足,但是可用资金小于100,重排
借款编号9,当前循环用户为:hsrm,当前循环自动投标设置编号为:7,操作结果为:自动金额大于借款金额20%,自动调整为20000元-->进入实际投标环节
借款编号9,当前循环用户为:liuxiaolin77,当前循环自动投标设置编号为:5,操作结果为:自动金额大于借款金额20%,自动调整为20000元-->用户其他设置条件满足,但是可用资金小于100,重排
借款编号9,当前循环用户为:baizi111,当前循环自动投标设置编号为:4,操作结果为:自动金额大于借款金额20%,自动调整为20000元-->用户其他设置条件满足,但是可用资金小于100,重排
借款编号9,当前循环用户为:xiaocaimi,当前循环自动投标设置编号为:26,操作结果为:自动金额大于借款金额20%,自动调整为20000元-->用户其他设置条件满足,但是可用资金小于100,重排
借款编号9,当前循环用户为:xuyun,当前循环自动投标设置编号为:25,操作结果为:自动金额大于借款金额20%,自动调整为20000元-->用户其他设置条件满足,但是可用资金小于100,重排
借款编号9,当前循环用户为:稳健投资,当前循环自动投标设置编号为:34,操作结果为:自动金额大于借款金额20%,自动调整为20000元-->进入实际投标环节
借款编号9,当前循环用户为:jiangxiaolin,当前循环自动投标设置编号为:23,操作结果为:自动金额大于借款金额20%,自动调整为20000元-->进入实际投标环节
借款编号9,当前循环用户为:xiaozhu,当前循环自动投标设置编号为:18,操作结果为:自动金额:20000-->当前自动金额大于用户设置的最大投标额,系统自动调整为:1000元-->进入实际投标环节
借款编号9,当前循环用户为:sunxtai50,当前循环自动投标设置编号为:36,操作结果为:自动金额:19000-->用户其他设置条件满足,但是可用资金小于100,重排
借款编号9,当前循环用户为:aibfyw,当前循环自动投标设置编号为:37,操作结果为:自动金额:19000-->进入实际投标环节
借款编号9,当前循环用户为:hsd001,当前循环自动投标设置编号为:1,操作结果为:标已满-->借款编号11,当前循环用户为:hsd001,当前循环自动投标设置编号为:1,操作结果为:自动金额大于借款金额20%,自动调整为60000元-->进入实际投标环节
借款编号11,当前循环用户为:cbok,当前循环自动投标设置编号为:3,操作结果为:自动金额大于借款金额20%,自动调整为60000元-->投标金额大于可用余额,自动调整为:20206.00元-->进入实际投标环节
借款编号11,当前循环用户为:nbulgj,当前循环自动投标设置编号为:17,操作结果为:自动金额大于借款金额20%,自动调整为60000元-->用户其他设置条件满足,但是可用资金小于100,重排
借款编号11,当前循环用户为:nbuwyy,当前循环自动投标设置编号为:29,操作结果为:自动金额大于借款金额20%,自动调整为60000元-->用户其他设置条件满足,但是可用资金小于100,重排
借款编号11,当前循环用户为:zyf1102003,当前循环自动投标设置编号为:30,操作结果为:自动金额大于借款金额20%,自动调整为60000元-->当前自动金额大于用户设置的最大投标额,系统自动调整为:10000元-->用户其他设置条件满足,但是可用资金小于100,重排
借款编号11,当前循环用户为:harry_lgy,当前循环自动投标设置编号为:11,操作结果为:自动金额大于借款金额20%,自动调整为60000元-->当前自动金额大于用户设置的最大投标额,系统自动调整为:10000元-->用户其他设置条件满足,但是可用资金小于100,重排
借款编号11,当前循环用户为:hbcmmm,当前循环自动投标设置编号为:19,操作结果为:自动金额大于借款金额20%,自动调整为60000元-->进入实际投标环节
借款编号11,当前循环用户为:hscfu6,当前循环自动投标设置编号为:31,操作结果为:自动金额大于借款金额20%,自动调整为60000元-->用户其他设置条件满足,但是可用资金小于100,重排
借款编号11,当前循环用户为:ding5280,当前循环自动投标设置编号为:28,操作结果为:自动金额大于借款金额20%,自动调整为60000元-->当前自动金额大于用户设置的最大投标额,系统自动调整为:22000元-->投标金额大于可用余额,自动调整为:180.00元-->进入实际投标环节
借款编号11,当前循环用户为:guangtouqiang,当前循环自动投标设置编号为:12,操作结果为:自动金额大于借款金额20%,自动调整为60000元-->投标金额大于可用余额,自动调整为:20090.45元-->进入实际投标环节
借款编号11,当前循环用户为:keer0823,当前循环自动投标设置编号为:9,操作结果为:自动金额大于借款金额20%,自动调整为60000元-->用户其他设置条件满足,但是可用资金小于100,重排
借款编号11,当前循环用户为:singke1999,当前循环自动投标设置编号为:20,操作结果为:自动金额大于借款金额20%,自动调整为60000元-->当前自动金额大于用户设置的最大投标额,系统自动调整为:50000元-->投标金额大于可用余额,自动调整为:15900.55元-->进入实际投标环节
借款编号11,当前循环用户为:金色的风,当前循环自动投标设置编号为:2,操作结果为:自动金额大于借款金额20%,自动调整为60000元-->投标金额大于可用余额,自动调整为:22009.69元-->进入实际投标环节
借款编号11,当前循环用户为:zdmei521,当前循环自动投标设置编号为:8,操作结果为:自动金额大于借款金额20%,自动调整为60000元-->当前自动金额大于用户设置的最大投标额,系统自动调整为:10000元-->投标金额大于可用余额,自动调整为:3071.75元-->进入实际投标环节
借款编号11,当前循环用户为:scarlett,当前循环自动投标设置编号为:33,操作结果为:自动金额大于借款金额20%,自动调整为60000元-->用户其他设置条件满足,但是可用资金小于100,重排
借款编号11,当前循环用户为:qinxinjuan,当前循环自动投标设置编号为:32,操作结果为:自动金额大于借款金额20%,自动调整为60000元-->进入实际投标环节
借款编号11,当前循环用户为:chengenxiang,当前循环自动投标设置编号为:21,操作结果为:自动金额:38800-->进入实际投标环节
借款编号11,当前循环用户为:chen,当前循环自动投标设置编号为:16,操作结果为:标已满-->借款编号10,当前循环用户为:chen,当前循环自动投标设置编号为:16,操作结果为:月标期限不符合,用户设置为1~3个月,当前借款期限为:6个月-->自动金额大于借款金额20%,自动调整为12800元-->最终放弃投标
借款编号10,当前循环用户为:zxt0611,当前循环自动投标设置编号为:35,操作结果为:月标期限不符合,用户设置为1~1个月,当前借款期限为:6个月-->自动金额大于借款金额20%,自动调整为12800元-->投标金额大于可用余额,自动调整为:10180.00元-->最终放弃投标
借款编号10,当前循环用户为:zhangliming,当前循环自动投标设置编号为:39,操作结果为:月标期限不符合,用户设置为1~3个月,当前借款期限为:6个月-->自动金额大于借款金额20%,自动调整为12800元-->投标金额大于可用余额,自动调整为:0.00元-->投标金额为0,跳过-->当前投标金额:0元,小于用户设置的最低投标额15000元-->借款编号10,当前循环用户为:zhangliming,当前循环自动投标设置编号为:39,操作结果为:月标期限不符合,用户设置为1~3个月,当前借款期限为:6个月-->自动金额大于借款金额20%,自动调整为12800元-->投标金额大于可用余额,自动调整为:0.00元-->投标金额为0,跳过-->当前投标金额:0元,小于用户设置的最低投标额15000元-->最终放弃投标
借款编号10,当前循环用户为:chenmeiling,当前循环自动投标设置编号为:38,操作结果为:月标期限不符合,用户设置为1~5个月,当前借款期限为:6个月-->自动金额大于借款金额20%,自动调整为12800元-->投标金额大于可用余额,自动调整为:0.00元-->投标金额为0,跳过-->当前投标金额:0元,小于用户设置的最低投标额15000元-->借款编号10,当前循环用户为:chenmeiling,当前循环自动投标设置编号为:38,操作结果为:月标期限不符合,用户设置为1~5个月,当前借款期限为:6个月-->自动金额大于借款金额20%,自动调整为12800元-->投标金额大于可用余额,自动调整为:0.00元-->投标金额为0,跳过-->当前投标金额:0元,小于用户设置的最低投标额15000元-->最终放弃投标
借款编号10,当前循环用户为:zhangzehao,当前循环自动投标设置编号为:40,操作结果为:月标期限不符合,用户设置为1~3个月,当前借款期限为:6个月-->自动金额大于借款金额20%,自动调整为12800元-->投标金额大于可用余额,自动调整为:0.00元-->投标金额为0,跳过-->当前投标金额:0元,小于用户设置的最低投标额15000元-->借款编号10,当前循环用户为:zhangzehao,当前循环自动投标设置编号为:40,操作结果为:月标期限不符合,用户设置为1~3个月,当前借款期限为:6个月-->自动金额大于借款金额20%,自动调整为12800元-->投标金额大于可用余额,自动调整为:0.00元-->投标金额为0,跳过-->当前投标金额:0元,小于用户设置的最低投标额15000元-->最终放弃投标
借款编号10,当前循环用户为:zhangzehao1,当前循环自动投标设置编号为:41,操作结果为:月标期限不符合,用户设置为1~5个月,当前借款期限为:6个月-->自动金额大于借款金额20%,自动调整为12800元-->投标金额大于可用余额,自动调整为:0.00元-->投标金额为0,跳过-->当前投标金额:0元,小于用户设置的最低投标额15000元-->借款编号10,当前循环用户为:zhangzehao1,当前循环自动投标设置编号为:41,操作结果为:月标期限不符合,用户设置为1~5个月,当前借款期限为:6个月-->自动金额大于借款金额20%,自动调整为12800元-->投标金额大于可用余额,自动调整为:0.00元-->投标金额为0,跳过-->当前投标金额:0元,小于用户设置的最低投标额15000元-->最终放弃投标
借款编号10,当前循环用户为:mrtian,当前循环自动投标设置编号为:27,操作结果为:月标期限不符合,用户设置为1~2个月,当前借款期限为:6个月-->自动金额大于借款金额20%,自动调整为12800元-->投标金额大于可用余额,自动调整为:10090.00元-->最终放弃投标
借款编号10,当前循环用户为:whale,当前循环自动投标设置编号为:10,操作结果为:月标期限不符合,用户设置为1~3个月,当前借款期限为:6个月-->自动金额大于借款金额20%,自动调整为12800元-->最终放弃投标
借款编号10,当前循环用户为:银色的凤,当前循环自动投标设置编号为:13,操作结果为:自动金额大于借款金额20%,自动调整为12800元-->用户其他设置条件满足,但是可用资金小于100,重排
借款编号10,当前循环用户为:yqlchtt,当前循环自动投标设置编号为:14,操作结果为:用户其他设置条件满足,但是可用资金小于最低投标金额,重排
借款编号10,当前循环用户为:ljwll,当前循环自动投标设置编号为:15,操作结果为:用户其他设置条件满足,但是可用资金小于最低投标金额,重排
借款编号10,当前循环用户为:snake1980,当前循环自动投标设置编号为:6,操作结果为:用户其他设置条件满足,但是可用资金小于最低投标金额,重排
借款编号10,当前循环用户为:hscfu5,当前循环自动投标设置编号为:22,操作结果为:自动金额大于借款金额20%,自动调整为12800元-->用户其他设置条件满足,但是可用资金小于100,重排
借款编号10,当前循环用户为:hsrm,当前循环自动投标设置编号为:7,操作结果为:自动金额大于借款金额20%,自动调整为12800元-->投标金额大于可用余额,自动调整为:168.80元-->进入实际投标环节
借款编号10,当前循环用户为:liuxiaolin77,当前循环自动投标设置编号为:5,操作结果为:自动金额大于借款金额20%,自动调整为12800元-->用户其他设置条件满足,但是可用资金小于100,重排
借款编号10,当前循环用户为:baizi111,当前循环自动投标设置编号为:4,操作结果为:自动金额大于借款金额20%,自动调整为12800元-->用户其他设置条件满足,但是可用资金小于100,重排
借款编号10,当前循环用户为:xiaocaimi,当前循环自动投标设置编号为:26,操作结果为:自动金额大于借款金额20%,自动调整为12800元-->进入实际投标环节
借款编号10,当前循环用户为:xuyun,当前循环自动投标设置编号为:25,操作结果为:自动金额大于借款金额20%,自动调整为12800元-->用户其他设置条件满足,但是可用资金小于100,重排
借款编号10,当前循环用户为:稳健投资,当前循环自动投标设置编号为:34,操作结果为:自动金额大于借款金额20%,自动调整为12800元-->用户其他设置条件满足,但是可用资金小于100,重排
借款编号10,当前循环用户为:jiangxiaolin,当前循环自动投标设置编号为:23,操作结果为:月标期限不符合,用户设置为1~3个月,当前借款期限为:6个月-->自动金额大于借款金额20%,自动调整为12800元-->最终放弃投标
借款编号10,当前循环用户为:xiaozhu,当前循环自动投标设置编号为:18,操作结果为:自动金额大于借款金额20%,自动调整为12800元-->当前自动金额大于用户设置的最大投标额,系统自动调整为:1000元-->进入实际投标环节
借款编号10,当前循环用户为:sunxtai50,当前循环自动投标设置编号为:36,操作结果为:月标期限不符合,用户设置为1~3个月,当前借款期限为:6个月-->自动金额大于借款金额20%,自动调整为12800元-->投标金额大于可用余额,自动调整为:0.00元-->投标金额为0,跳过-->当前投标金额:0元,小于用户设置的最低投标额1000元-->借款编号10,当前循环用户为:sunxtai50,当前循环自动投标设置编号为:36,操作结果为:月标期限不符合,用户设置为1~3个月,当前借款期限为:6个月-->自动金额大于借款金额20%,自动调整为12800元-->投标金额大于可用余额,自动调整为:0.00元-->投标金额为0,跳过-->当前投标金额:0元,小于用户设置的最低投标额1000元-->最终放弃投标
借款编号10,当前循环用户为:aibfyw,当前循环自动投标设置编号为:37,操作结果为:自动金额大于借款金额20%,自动调整为12800元-->进入实际投标环节
借款编号10,当前循环用户为:baizi,当前循环自动投标设置编号为:24,操作结果为:自动金额大于借款金额20%,自动调整为12800元-->用户其他设置条件满足,但是可用资金小于100,重排
借款编号10,当前循环用户为:老苏88,当前循环自动投标设置编号为:42,操作结果为:自动金额大于借款金额20%,自动调整为12800元-->进入实际投标环节
借款编号10,当前循环用户为:gghsir,当前循环自动投标设置编号为:43,操作结果为:月标期限不符合,用户设置为1~1个月,当前借款期限为:6个月-->自动金额大于借款金额20%,自动调整为12800元-->投标金额大于可用余额,自动调整为:0.00元-->投标金额为0,跳过-->当前投标金额:0元,小于用户设置的最低投标额100元-->借款编号10,当前循环用户为:gghsir,当前循环自动投标设置编号为:43,操作结果为:月标期限不符合,用户设置为1~1个月,当前借款期限为:6个月-->自动金额大于借款金额20%,自动调整为12800元-->投标金额大于可用余额,自动调整为:0.00元-->投标金额为0,跳过-->当前投标金额:0元,小于用户设置的最低投标额100元-->最终放弃投标
借款编号10,当前循环用户为:wang369993,当前循环自动投标设置编号为:44,操作结果为:月标期限不符合,用户设置为1~3个月,当前借款期限为:6个月-->自动金额大于借款金额20%,自动调整为12800元-->最终放弃投标
借款编号10,当前循环用户为:18115787861,当前循环自动投标设置编号为:45,操作结果为:月标期限不符合,用户设置为1~3个月,当前借款期限为:6个月-->自动金额大于借款金额20%,自动调整为12800元-->最终放弃投标
借款编号10,当前循环用户为:18115808096,当前循环自动投标设置编号为:46,操作结果为:月标期限不符合,用户设置为1~3个月,当前借款期限为:6个月-->自动金额大于借款金额20%,自动调整为12800元-->最终放弃投标
借款编号10,当前循环用户为:15189736926,当前循环自动投标设置编号为:47,操作结果为:月标期限不符合,用户设置为1~3个月,当前借款期限为:6个月-->自动金额大于借款金额20%,自动调整为12800元-->最终放弃投标
借款编号10,当前循环用户为:cg32688375,当前循环自动投标设置编号为:48,操作结果为:月标期限不符合,用户设置为1~2个月,当前借款期限为:6个月-->自动金额大于借款金额20%,自动调整为12800元-->投标金额大于可用余额,自动调整为:1000.00元-->最终放弃投标
借款编号10,当前循环用户为:绿洲网络,当前循环自动投标设置编号为:49,操作结果为:月标期限不符合,用户设置为1~3个月,当前借款期限为:6个月-->自动金额大于借款金额20%,自动调整为12800元-->投标金额大于可用余额,自动调整为:0.00元-->投标金额为0,跳过-->最终放弃投标
借款编号10,当前循环用户为:999999,当前循环自动投标设置编号为:51,操作结果为:月标期限不符合,用户设置为1~1个月,当前借款期限为:6个月-->自动金额大于借款金额20%,自动调整为12800元-->最终放弃投标
借款编号10,当前循环用户为:hsd001,当前循环自动投标设置编号为:1,操作结果为:月标期限不符合,用户设置为1~1个月,当前借款期限为:6个月-->自动金额大于借款金额20%,自动调整为12800元-->投标金额大于可用余额,自动调整为:0.00元-->投标金额为0,跳过-->最终放弃投标
借款编号10,当前循环用户为:cbok,当前循环自动投标设置编号为:3,操作结果为:月标期限不符合,用户设置为1~3个月,当前借款期限为:6个月-->自动金额大于借款金额20%,自动调整为12800元-->投标金额大于可用余额,自动调整为:96.90元-->投标金额为0,跳过-->最终放弃投标
借款编号10,当前循环用户为:nbulgj,当前循环自动投标设置编号为:17,操作结果为:月标期限不符合,用户设置为1~3个月,当前借款期限为:6个月-->自动金额大于借款金额20%,自动调整为12800元-->投标金额大于可用余额,自动调整为:0.00元-->投标金额为0,跳过-->最终放弃投标
借款编号10,当前循环用户为:nbuwyy,当前循环自动投标设置编号为:29,操作结果为:月标期限不符合,用户设置为1~3个月,当前借款期限为:6个月-->自动金额大于借款金额20%,自动调整为12800元-->投标金额大于可用余额,自动调整为:0.00元-->投标金额为0,跳过-->最终放弃投标
借款编号10,当前循环用户为:zyf1102003,当前循环自动投标设置编号为:30,操作结果为:月标期限不符合,用户设置为1~1个月,当前借款期限为:6个月-->自动金额大于借款金额20%,自动调整为12800元-->当前自动金额大于用户设置的最大投标额,系统自动调整为:10000元-->投标金额大于可用余额,自动调整为:0.00元-->投标金额为0,跳过-->最终放弃投标
借款编号10,当前循环用户为:harry_lgy,当前循环自动投标设置编号为:11,操作结果为:月标期限不符合,用户设置为1~1个月,当前借款期限为:6个月-->还款类型不符合,当前借款不是先息后本,但用户设置为只投先息后本-->自动金额大于借款金额20%,自动调整为12800元-->当前自动金额大于用户设置的最大投标额,系统自动调整为:10000元-->投标金额大于可用余额,自动调整为:62.50元-->投标金额为0,跳过-->最终放弃投标
借款编号10,当前循环用户为:hbcmmm,当前循环自动投标设置编号为:19,操作结果为:月标期限不符合,用户设置为1~5个月,当前借款期限为:6个月-->自动金额大于借款金额20%,自动调整为12800元-->最终放弃投标
借款编号10,当前循环用户为:hscfu6,当前循环自动投标设置编号为:31,操作结果为:月标期限不符合,用户设置为1~3个月,当前借款期限为:6个月-->自动金额大于借款金额20%,自动调整为12800元-->投标金额大于可用余额,自动调整为:0.00元-->投标金额为0,跳过-->最终放弃投标
借款编号10,当前循环用户为:ding5280,当前循环自动投标设置编号为:28,操作结果为:月标期限不符合,用户设置为1~3个月,当前借款期限为:6个月-->自动金额大于借款金额20%,自动调整为12800元-->投标金额大于可用余额,自动调整为:80.45元-->投标金额为0,跳过-->当前投标金额:0元,小于用户设置的最低投标额500元-->借款编号10,当前循环用户为:ding5280,当前循环自动投标设置编号为:28,操作结果为:月标期限不符合,用户设置为1~3个月,当前借款期限为:6个月-->自动金额大于借款金额20%,自动调整为12800元-->投标金额大于可用余额,自动调整为:80.45元-->投标金额为0,跳过-->当前投标金额:0元,小于用户设置的最低投标额500元-->最终放弃投标
借款编号10,当前循环用户为:guangtouqiang,当前循环自动投标设置编号为:12,操作结果为:月标期限不符合,用户设置为1~3个月,当前借款期限为:6个月-->自动金额大于借款金额20%,自动调整为12800元-->投标金额大于可用余额,自动调整为:180.45元-->当前投标金额:100元,小于用户设置的最低投标额20000元-->借款编号10,当前循环用户为:guangtouqiang,当前循环自动投标设置编号为:12,操作结果为:月标期限不符合,用户设置为1~3个月,当前借款期限为:6个月-->自动金额大于借款金额20%,自动调整为12800元-->投标金额大于可用余额,自动调整为:180.45元-->当前投标金额:100元,小于用户设置的最低投标额20000元-->最终放弃投标
借款编号10,当前循环用户为:keer0823,当前循环自动投标设置编号为:9,操作结果为:月标期限不符合,用户设置为1~1个月,当前借款期限为:6个月-->自动金额大于借款金额20%,自动调整为12800元-->投标金额大于可用余额,自动调整为:10.45元-->投标金额为0,跳过-->最终放弃投标
借款编号10,当前循环用户为:singke1999,当前循环自动投标设置编号为:20,操作结果为:月标期限不符合,用户设置为1~2个月,当前借款期限为:6个月-->自动金额大于借款金额20%,自动调整为12800元-->投标金额大于可用余额,自动调整为:72.10元-->投标金额为0,跳过-->当前投标金额:0元,小于用户设置的最低投标额5000元-->借款编号10,当前循环用户为:singke1999,当前循环自动投标设置编号为:20,操作结果为:月标期限不符合,用户设置为1~2个月,当前借款期限为:6个月-->自动金额大于借款金额20%,自动调整为12800元-->投标金额大于可用余额,自动调整为:72.10元-->投标金额为0,跳过-->当前投标金额:0元,小于用户设置的最低投标额5000元-->最终放弃投标
借款编号10,当前循环用户为:金色的风,当前循环自动投标设置编号为:2,操作结果为:月标期限不符合,用户设置为1~3个月,当前借款期限为:6个月-->自动金额大于借款金额20%,自动调整为12800元-->投标金额大于可用余额,自动调整为:108.69元-->最终放弃投标
借款编号10,当前循环用户为:zdmei521,当前循环自动投标设置编号为:8,操作结果为:月标期限不符合,用户设置为1~3个月,当前借款期限为:6个月-->自动金额大于借款金额20%,自动调整为12800元-->当前自动金额大于用户设置的最大投标额,系统自动调整为:10000元-->投标金额大于可用余额,自动调整为:85.25元-->投标金额为0,跳过-->当前投标金额:0元,小于用户设置的最低投标额1000元-->借款编号10,当前循环用户为:zdmei521,当前循环自动投标设置编号为:8,操作结果为:月标期限不符合,用户设置为1~3个月,当前借款期限为:6个月-->自动金额大于借款金额20%,自动调整为12800元-->当前自动金额大于用户设置的最大投标额,系统自动调整为:10000元-->投标金额大于可用余额,自动调整为:85.25元-->投标金额为0,跳过-->当前投标金额:0元,小于用户设置的最低投标额1000元-->最终放弃投标
借款编号10,当前循环用户为:scarlett,当前循环自动投标设置编号为:33,操作结果为:自动金额大于借款金额20%,自动调整为12800元-->用户其他设置条件满足,但是可用资金小于100,重排
借款编号10,当前循环用户为:qinxinjuan,当前循环自动投标设置编号为:32,操作结果为:自动金额大于借款金额20%,自动调整为12800元-->投标金额大于可用余额,自动调整为:450.00元-->进入实际投标环节
借款编号10,当前循环用户为:chengenxiang,当前循环自动投标设置编号为:21,操作结果为:月标期限不符合,用户设置为1~3个月,当前借款期限为:6个月-->自动金额大于借款金额20%,自动调整为12800元-->最终放弃投标
借款编号10,当前循环用户为:tssytsg,当前循环自动投标设置编号为:50,操作结果为:自动金额大于借款金额20%,自动调整为12800元-->投标金额大于可用余额,自动调整为:101.00元-->进入实际投标环节
借款编号10,当前循环用户为:mayisheng,当前循环自动投标设置编号为:52,操作结果为:月标期限不符合,用户设置为1~3个月,当前借款期限为:6个月-->自动金额大于借款金额20%,自动调整为12800元-->投标金额大于可用余额,自动调整为:0.00元-->投标金额为0,跳过-->最终放弃投标
借款编号12,当前循环用户为:chen,当前循环自动投标设置编号为:16,操作结果为:自动金额大于借款金额20%,自动调整为76000元-->投标金额大于可用余额,自动调整为:50000.00元-->进入实际投标环节
借款编号12,当前循环用户为:zxt0611,当前循环自动投标设置编号为:35,操作结果为:自动金额大于借款金额20%,自动调整为76000元-->投标金额大于可用余额,自动调整为:10180.00元-->进入实际投标环节
借款编号12,当前循环用户为:zhangliming,当前循环自动投标设置编号为:39,操作结果为:自动金额大于借款金额20%,自动调整为76000元-->投标金额大于可用余额,自动调整为:50000.00元-->进入实际投标环节
借款编号12,当前循环用户为:chenmeiling,当前循环自动投标设置编号为:38,操作结果为:自动金额大于借款金额20%,自动调整为76000元-->投标金额大于可用余额,自动调整为:50000.00元-->进入实际投标环节
借款编号12,当前循环用户为:zhangzehao,当前循环自动投标设置编号为:40,操作结果为:自动金额大于借款金额20%,自动调整为76000元-->投标金额大于可用余额,自动调整为:50000.00元-->进入实际投标环节
借款编号12,当前循环用户为:zhangzehao1,当前循环自动投标设置编号为:41,操作结果为:自动金额大于借款金额20%,自动调整为76000元-->投标金额大于可用余额,自动调整为:50000.00元-->进入实际投标环节
借款编号12,当前循环用户为:mrtian,当前循环自动投标设置编号为:27,操作结果为:自动金额大于借款金额20%,自动调整为76000元-->当前自动金额大于用户设置的最大投标额,系统自动调整为:50000元-->投标金额大于可用余额,自动调整为:10090.00元-->进入实际投标环节
借款编号12,当前循环用户为:whale,当前循环自动投标设置编号为:10,操作结果为:自动金额大于借款金额20%,自动调整为76000元-->投标金额大于可用余额,自动调整为:51152.20元-->进入实际投标环节
借款编号12,当前循环用户为:jiangxiaolin,当前循环自动投标设置编号为:23,操作结果为:自动金额:58800-->投标金额大于可用余额,自动调整为:51061.00元-->进入实际投标环节
借款编号12,当前循环用户为:sunxtai50,当前循环自动投标设置编号为:36,操作结果为:用户可用资金:0.00少于系统设置的最低自动投标准入金额100元
借款编号12,当前循环用户为:gghsir,当前循环自动投标设置编号为:43,操作结果为:自动金额:7800-->投标金额大于可用余额,自动调整为:5000.00元-->进入实际投标环节
借款编号12,当前循环用户为:wang369993,当前循环自动投标设置编号为:44,操作结果为:自动金额:2800-->进入实际投标环节
借款编号12,当前循环用户为:18115787861,当前循环自动投标设置编号为:45,操作结果为:标已满-->